-------------------------------------------------------------------------------
Test set: com.vitech.pensionCalc.PensionCalcApplicationTests
-------------------------------------------------------------------------------
Tests run: 1, Failures: 0, Errors: 1, Skipped: 0, Time elapsed: 52.412 s <<< FAILURE! - in com.vitech.pensionCalc.PensionCalcApplicationTests
contextLoads  Time elapsed: 0.003 s  <<< ERROR!
java.lang.IllegalStateException: Failed to load ApplicationContext
Caused by: org.springframework.beans.factory.UnsatisfiedDependencyException: Error creating bean with name 'todosEntityManagerFactory' defined in class path resource [com/vitech/pensionCalc/config/JpaConfiguration.class]: Unsatisfied dependency expressed through method 'todosEntityManagerFactory' parameter 0; nested exception is org.springframework.beans.factory.BeanCreationException: Error creating bean with name 'getDataSource' defined in class path resource [com/vitech/pensionCalc/config/AlloyDBConfiguration.class]: Bean instantiation via factory method failed; nested exception is org.springframework.beans.BeanInstantiationException: Failed to instantiate [com.zaxxer.hikari.HikariDataSource]: Factory method 'getDataSource' threw exception; nested exception is com.zaxxer.hikari.pool.HikariPool$PoolInitializationException: Failed to initialize pool: Something unusual has occurred to cause the driver to fail. Please report this exception.
Caused by: org.springframework.beans.factory.BeanCreationException: Error creating bean with name 'getDataSource' defined in class path resource [com/vitech/pensionCalc/config/AlloyDBConfiguration.class]: Bean instantiation via factory method failed; nested exception is org.springframework.beans.BeanInstantiationException: Failed to instantiate [com.zaxxer.hikari.HikariDataSource]: Factory method 'getDataSource' threw exception; nested exception is com.zaxxer.hikari.pool.HikariPool$PoolInitializationException: Failed to initialize pool: Something unusual has occurred to cause the driver to fail. Please report this exception.
Caused by: org.springframework.beans.BeanInstantiationException: Failed to instantiate [com.zaxxer.hikari.HikariDataSource]: Factory method 'getDataSource' threw exception; nested exception is com.zaxxer.hikari.pool.HikariPool$PoolInitializationException: Failed to initialize pool: Something unusual has occurred to cause the driver to fail. Please report this exception.
Caused by: com.zaxxer.hikari.pool.HikariPool$PoolInitializationException: Failed to initialize pool: Something unusual has occurred to cause the driver to fail. Please report this exception.
Caused by: org.postgresql.util.PSQLException: Something unusual has occurred to cause the driver to fail. Please report this exception.
Caused by: java.lang.RuntimeException: java.util.concurrent.ExecutionException: java.util.concurrent.ExecutionException: com.google.api.gax.rpc.UnavailableException: io.grpc.StatusRuntimeException: UNAVAILABLE: Credentials failed to obtain metadata
Caused by: java.util.concurrent.ExecutionException: java.util.concurrent.ExecutionException: com.google.api.gax.rpc.UnavailableException: io.grpc.StatusRuntimeException: UNAVAILABLE: Credentials failed to obtain metadata
Caused by: java.util.concurrent.ExecutionException: com.google.api.gax.rpc.UnavailableException: io.grpc.StatusRuntimeException: UNAVAILABLE: Credentials failed to obtain metadata
Caused by: com.google.api.gax.rpc.UnavailableException: io.grpc.StatusRuntimeException: UNAVAILABLE: Credentials failed to obtain metadata
Caused by: io.grpc.StatusRuntimeException: UNAVAILABLE: Credentials failed to obtain metadata
Caused by: java.io.IOException: Error requesting access token
Caused by: com.google.api.client.http.HttpResponseException: 
404 Not Found
POST https://iamcredentials.googleapis.com/v1/projects/-/serviceAccounts/kamalanaabharao@gmail.com:generateAccessToken
{
  "error": {
    "code": 404,
    "message": "Not found; Gaia id not found for email kamalanaabharao@gmail.com",
    "errors": [
      {
        "message": "Not found; Gaia id not found for email kamalanaabharao@gmail.com",
        "domain": "global",
        "reason": "notFound"
      }
    ],
    "status": "NOT_FOUND"
  }
}


