<?xml version="1.0" encoding="UTF-8"?>
<testsuite xmlns:xsi="http://www.w3.org/2001/XMLSchema-instance" xsi:noNamespaceSchemaLocation="https://maven.apache.org/surefire/maven-surefire-plugin/xsd/surefire-test-report.xsd" name="com.vitech.pensionCalc.PensionCalcApplicationTests" time="52.412" tests="1" errors="1" skipped="0" failures="0">
  <properties>
[...]
</properties>
  <testcase name="contextLoads" classname="com.vitech.pensionCalc.PensionCalcApplicationTests" time="0.003">
    <error message="Failed to load ApplicationContext" type="java.lang.IllegalStateException">java.lang.IllegalStateException: Failed to load ApplicationContext
Caused by: org.springframework.beans.factory.UnsatisfiedDependencyException: Error creating bean with name 'todosEntityManagerFactory' defined in class path resource [com/vitech/pensionCalc/config/JpaConfiguration.class]: Unsatisfied dependency expressed through method 'todosEntityManagerFactory' parameter 0; nested exception is org.springframework.beans.factory.BeanCreationException: Error creating bean with name 'getDataSource' defined in class path resource [com/vitech/pensionCalc/config/AlloyDBConfiguration.class]: Bean instantiation via factory method failed; nested exception is org.springframework.beans.BeanInstantiationException: Failed to instantiate [com.zaxxer.hikari.HikariDataSource]: Factory method 'getDataSource' threw exception; nested exception is com.zaxxer.hikari.pool.HikariPool$PoolInitializationException: Failed to initialize pool: Something unusual has occurred to cause the driver to fail. Please report this exception.
Caused by: org.springframework.beans.factory.BeanCreationException: Error creating bean with name 'getDataSource' defined in class path resource [com/vitech/pensionCalc/config/AlloyDBConfiguration.class]: Bean instantiation via factory method failed; nested exception is org.springframework.beans.BeanInstantiationException: Failed to instantiate [com.zaxxer.hikari.HikariDataSource]: Factory method 'getDataSource' threw exception; nested exception is com.zaxxer.hikari.pool.HikariPool$PoolInitializationException: Failed to initialize pool: Something unusual has occurred to cause the driver to fail. Please report this exception.
Caused by: org.springframework.beans.BeanInstantiationException: Failed to instantiate [com.zaxxer.hikari.HikariDataSource]: Factory method 'getDataSource' threw exception; nested exception is com.zaxxer.hikari.pool.HikariPool$PoolInitializationException: Failed to initialize pool: Something unusual has occurred to cause the driver to fail. Please report this exception.
Caused by: com.zaxxer.hikari.pool.HikariPool$PoolInitializationException: Failed to initialize pool: Something unusual has occurred to cause the driver to fail. Please report this exception.
Caused by: org.postgresql.util.PSQLException: Something unusual has occurred to cause the driver to fail. Please report this exception.
Caused by: java.lang.RuntimeException: java.util.concurrent.ExecutionException: java.util.concurrent.ExecutionException: com.google.api.gax.rpc.UnavailableException: io.grpc.StatusRuntimeException: UNAVAILABLE: Credentials failed to obtain metadata
Caused by: java.util.concurrent.ExecutionException: java.util.concurrent.ExecutionException: com.google.api.gax.rpc.UnavailableException: io.grpc.StatusRuntimeException: UNAVAILABLE: Credentials failed to obtain metadata
Caused by: java.util.concurrent.ExecutionException: com.google.api.gax.rpc.UnavailableException: io.grpc.StatusRuntimeException: UNAVAILABLE: Credentials failed to obtain metadata
Caused by: com.google.api.gax.rpc.UnavailableException: io.grpc.StatusRuntimeException: UNAVAILABLE: Credentials failed to obtain metadata
Caused by: io.grpc.StatusRuntimeException: UNAVAILABLE: Credentials failed to obtain metadata
Caused by: java.io.IOException: Error requesting access token
Caused by: com.google.api.client.http.HttpResponseException: 
404 Not Found
POST https://iamcredentials.googleapis.com/v1/projects/-/serviceAccounts/kamalanaabharao@gmail.com:generateAccessToken
{
  "error": {
    "code": 404,
    "message": "Not found; Gaia id not found for email kamalanaabharao@gmail.com",
    "errors": [
      {
        "message": "Not found; Gaia id not found for email kamalanaabharao@gmail.com",
        "domain": "global",
        "reason": "notFound"
      }
    ],
    "status": "NOT_FOUND"
  }
}

</error>
    <system-out><![CDATA[06:36:01.018 [main] DEBUG org.springframework.test.context.BootstrapUtils - Instantiating CacheAwareContextLoaderDelegate from class [org.springframework.test.context.cache.DefaultCacheAwareContextLoaderDelegate]
06:36:01.044 [main] DEBUG org.springframework.test.context.BootstrapUtils - Instantiating BootstrapContext using constructor [public org.springframework.test.context.support.DefaultBootstrapContext(java.lang.Class,org.springframework.test.context.CacheAwareContextLoaderDelegate)]
06:36:01.135 [main] DEBUG org.springframework.test.context.BootstrapUtils - Instantiating TestContextBootstrapper for test class [com.vitech.pensionCalc.PensionCalcApplicationTests] from class [org.springframework.boot.test.context.SpringBootTestContextBootstrapper]
06:36:01.161 [main] INFO org.springframework.boot.test.context.SpringBootTestContextBootstrapper - Neither @ContextConfiguration nor @ContextHierarchy found for test class [com.vitech.pensionCalc.PensionCalcApplicationTests], using SpringBootContextLoader
06:36:01.173 [main] DEBUG org.springframework.test.context.support.AbstractContextLoader - Did not detect default resource location for test class [com.vitech.pensionCalc.PensionCalcApplicationTests]: class path resource [com/vitech/pensionCalc/PensionCalcApplicationTests-context.xml] does not exist
06:36:01.174 [main] DEBUG org.springframework.test.context.support.AbstractContextLoader - Did not detect default resource location for test class [com.vitech.pensionCalc.PensionCalcApplicationTests]: class path resource [com/vitech/pensionCalc/PensionCalcApplicationTestsContext.groovy] does not exist
06:36:01.175 [main] INFO org.springframework.test.context.support.AbstractContextLoader - Could not detect default resource locations for test class [com.vitech.pensionCalc.PensionCalcApplicationTests]: no resource found for suffixes {-context.xml, Context.groovy}.
06:36:01.176 [main] INFO org.springframework.test.context.support.AnnotationConfigContextLoaderUtils - Could not detect default configuration classes for test class [com.vitech.pensionCalc.PensionCalcApplicationTests]: PensionCalcApplicationTests does not declare any static, non-private, non-final, nested classes annotated with @Configuration.
06:36:01.292 [main] DEBUG org.springframework.test.context.support.ActiveProfilesUtils - Could not find an 'annotation declaring class' for annotation type [org.springframework.test.context.ActiveProfiles] and class [com.vitech.pensionCalc.PensionCalcApplicationTests]
06:36:01.396 [main] DEBUG org.springframework.context.annotation.ClassPathScanningCandidateComponentProvider - Identified candidate component class: file [D:\Users\kgurram\source_code\New_folder\new-folder\pensionCalc\pensionCalc\target\classes\com\vitech\pensionCalc\PensionCalcApplication.class]
06:36:01.400 [main] INFO org.springframework.boot.test.context.SpringBootTestContextBootstrapper - Found @SpringBootConfiguration com.vitech.pensionCalc.PensionCalcApplication for test class com.vitech.pensionCalc.PensionCalcApplicationTests
06:36:01.576 [main] DEBUG org.springframework.boot.test.context.SpringBootTestContextBootstrapper - @TestExecutionListeners is not present for class [com.vitech.pensionCalc.PensionCalcApplicationTests]: using defaults.
06:36:01.577 [main] INFO org.springframework.boot.test.context.SpringBootTestContextBootstrapper - Loaded default TestExecutionListener class names from location [META-INF/spring.factories]: [org.springframework.boot.test.mock.mockito.MockitoTestExecutionListener, org.springframework.boot.test.mock.mockito.ResetMocksTestExecutionListener, org.springframework.boot.test.autoconfigure.restdocs.RestDocsTestExecutionListener, org.springframework.boot.test.autoconfigure.web.client.MockRestServiceServerResetTestExecutionListener, org.springframework.boot.test.autoconfigure.web.servlet.MockMvcPrintOnlyOnFailureTestExecutionListener, org.springframework.boot.test.autoconfigure.web.servlet.WebDriverTestExecutionListener, org.springframework.boot.test.autoconfigure.webservices.client.MockWebServiceServerTestExecutionListener, org.springframework.test.context.web.ServletTestExecutionListener, org.springframework.test.context.support.DirtiesContextBeforeModesTestExecutionListener, org.springframework.test.context.support.DependencyInjectionTestExecutionListener, org.springframework.test.context.support.DirtiesContextTestExecutionListener, org.springframework.test.context.transaction.TransactionalTestExecutionListener, org.springframework.test.context.jdbc.SqlScriptsTestExecutionListener, org.springframework.test.context.event.EventPublishingTestExecutionListener]
06:36:01.602 [main] INFO org.springframework.boot.test.context.SpringBootTestContextBootstrapper - Using TestExecutionListeners: [org.springframework.test.context.web.ServletTestExecutionListener@72ea6193, org.springframework.test.context.support.DirtiesContextBeforeModesTestExecutionListener@31aa3ca5, org.springframework.boot.test.mock.mockito.MockitoTestExecutionListener@45905bff, org.springframework.boot.test.autoconfigure.SpringBootDependencyInjectionTestExecutionListener@2a2c13a8, org.springframework.test.context.support.DirtiesContextTestExecutionListener@b6b1987, org.springframework.test.context.transaction.TransactionalTestExecutionListener@6b44435b, org.springframework.test.context.jdbc.SqlScriptsTestExecutionListener@2ccca26f, org.springframework.test.context.event.EventPublishingTestExecutionListener@66b7550d, org.springframework.boot.test.mock.mockito.ResetMocksTestExecutionListener@3543df7d, org.springframework.boot.test.autoconfigure.restdocs.RestDocsTestExecutionListener@7c541c15, org.springframework.boot.test.autoconfigure.web.client.MockRestServiceServerResetTestExecutionListener@3542162a, org.springframework.boot.test.autoconfigure.web.servlet.MockMvcPrintOnlyOnFailureTestExecutionListener@698122b2, org.springframework.boot.test.autoconfigure.web.servlet.WebDriverTestExecutionListener@4212a0c8, org.springframework.boot.test.autoconfigure.webservices.client.MockWebServiceServerTestExecutionListener@1e7aa82b]
06:36:01.608 [main] DEBUG org.springframework.test.context.support.AbstractDirtiesContextTestExecutionListener - Before test class: context [DefaultTestContext@78fbff54 testClass = PensionCalcApplicationTests, testInstance = [null], testMethod = [null], testException = [null], mergedContextConfiguration = [WebMergedContextConfiguration@3e10dc6 testClass = PensionCalcApplicationTests, locations = '{}', classes = '{class com.vitech.pensionCalc.PensionCalcApplication}', contextInitializerClasses = '[]', activeProfiles = '{}', propertySourceLocations = '{}', propertySourceProperties = '{org.springframework.boot.test.context.SpringBootTestContextBootstrapper=true}', contextCustomizers = set[org.springframework.boot.test.context.filter.ExcludeFilterContextCustomizer@7354b8c5, org.springframework.boot.test.json.DuplicateJsonObjectContextCustomizerFactory$DuplicateJsonObjectContextCustomizer@11d8ae8b, org.springframework.boot.test.mock.mockito.MockitoContextCustomizer@0, org.springframework.boot.test.web.client.TestRestTemplateContextCustomizer@43599640, org.springframework.boot.test.autoconfigure.actuate.metrics.MetricsExportContextCustomizerFactory$DisableMetricExportContextCustomizer@4a3631f8, org.springframework.boot.test.autoconfigure.properties.PropertyMappingContextCustomizer@0, org.springframework.boot.test.autoconfigure.web.servlet.WebDriverContextCustomizerFactory$Customizer@78a773fd, org.springframework.boot.test.context.SpringBootTestArgs@1, org.springframework.boot.test.context.SpringBootTestWebEnvironment@6b927fb], resourceBasePath = 'src/main/webapp', contextLoader = 'org.springframework.boot.test.context.SpringBootContextLoader', parent = [null]], attributes = map['org.springframework.test.context.web.ServletTestExecutionListener.activateListener' -> true]], class annotated with @DirtiesContext [false] with mode [null].
06:36:01.673 [main] DEBUG org.springframework.test.context.support.TestPropertySourceUtils - Adding inlined properties to environment: {spring.jmx.enabled=false, org.springframework.boot.test.context.SpringBootTestContextBootstrapper=true}

  .   ____          _            __ _ _
 /\\ / ___'_ __ _ _(_)_ __  __ _ \ \ \ \
( ( )\___ | '_ | '_| | '_ \/ _` | \ \ \ \
 \\/  ___)| |_)| | | | | || (_| |  ) ) ) )
  '  |____| .__|_| |_|_| |_\__, | / / / /
 =========|_|==============|___/=/_/_/_/
 :: Spring Boot ::                (v2.4.1)

2023-09-21 06:36:02.175  INFO 12420 --- [           main] c.v.p.PensionCalcApplicationTests        : Starting PensionCalcApplicationTests using Java 11.0.7 on EC2AMAZ-RO0IGMM with PID 12420 (started by KGurram in D:\Users\kgurram\source_code\New_folder\new-folder\pensionCalc\pensionCalc)
2023-09-21 06:36:02.179  INFO 12420 --- [           main] c.v.p.PensionCalcApplicationTests        : No active profile set, falling back to default profiles: default
2023-09-21 06:36:03.354  INFO 12420 --- [           main] .s.d.r.c.RepositoryConfigurationDelegate : Bootstrapping Spring Data JPA repositories in DEFAULT mode.
2023-09-21 06:36:03.376  INFO 12420 --- [           main] .s.d.r.c.RepositoryConfigurationDelegate : Finished Spring Data repository scanning in 11 ms. Found 0 JPA repository interfaces.
2023-09-21 06:36:04.372  INFO 12420 --- [           main] com.zaxxer.hikari.HikariDataSource       : HikariPool-1 - Starting...
2023-09-21 06:36:06.929  INFO 12420 --- [pool-1-thread-1] c.g.c.a.DefaultConnectionInfoCache       : [projects/testalloydb-399019/locations/us-central1/clusters/my-cluster/instances/my-primary] Refresh Operation: Acquiring rate limiter permit.
2023-09-21 06:36:06.936  INFO 12420 --- [pool-1-thread-1] c.g.c.a.DefaultConnectionInfoCache       : [projects/testalloydb-399019/locations/us-central1/clusters/my-cluster/instances/my-primary] Refresh Operation: Acquired rate limiter permit. Starting refresh...
2023-09-21 06:36:52.163  INFO 12420 --- [pool-1-thread-1] c.g.c.a.DefaultConnectionInfoCache       : [projects/testalloydb-399019/locations/us-central1/clusters/my-cluster/instances/my-primary] Refresh Operation: Failed! Starting next refresh operation immediately.

java.util.concurrent.ExecutionException: com.google.api.gax.rpc.UnavailableException: io.grpc.StatusRuntimeException: UNAVAILABLE: Credentials failed to obtain metadata
	at java.base/java.util.concurrent.FutureTask.report(FutureTask.java:122) ~[na:na]
	at java.base/java.util.concurrent.FutureTask.get(FutureTask.java:191) ~[na:na]
	at com.google.cloud.alloydb.DefaultConnectionInfoRepository.getConnectionInfo(DefaultConnectionInfoRepository.java:69) ~[alloydb-jdbc-connector-0.1.2-SNAPSHOT.jar:0.1.2-SNAPSHOT]
	at com.google.cloud.alloydb.DefaultConnectionInfoCache.performRefresh(DefaultConnectionInfoCache.java:113) ~[alloydb-jdbc-connector-0.1.2-SNAPSHOT.jar:0.1.2-SNAPSHOT]
	at java.base/java.util.concurrent.FutureTask.run(FutureTask.java:264) ~[na:na]
	at java.base/java.util.concurrent.ScheduledThreadPoolExecutor$ScheduledFutureTask.run(ScheduledThreadPoolExecutor.java:304) ~[na:na]
	at java.base/java.util.concurrent.ThreadPoolExecutor.runWorker(ThreadPoolExecutor.java:1128) ~[na:na]
	at java.base/java.util.concurrent.ThreadPoolExecutor$Worker.run(ThreadPoolExecutor.java:628) ~[na:na]
	at java.base/java.lang.Thread.run(Thread.java:834) ~[na:na]
Caused by: com.google.api.gax.rpc.UnavailableException: io.grpc.StatusRuntimeException: UNAVAILABLE: Credentials failed to obtain metadata
	at com.google.api.gax.rpc.ApiExceptionFactory.createException(ApiExceptionFactory.java:112) ~[gax-2.33.0.jar:2.33.0]
	at com.google.api.gax.rpc.ApiExceptionFactory.createException(ApiExceptionFactory.java:41) ~[gax-2.33.0.jar:2.33.0]
	at com.google.api.gax.grpc.GrpcApiExceptionFactory.create(GrpcApiExceptionFactory.java:86) ~[gax-grpc-2.33.0.jar:2.33.0]
	at com.google.api.gax.grpc.GrpcApiExceptionFactory.create(GrpcApiExceptionFactory.java:66) ~[gax-grpc-2.33.0.jar:2.33.0]
	at com.google.api.gax.grpc.GrpcExceptionCallable$ExceptionTransformingFuture.onFailure(GrpcExceptionCallable.java:97) ~[gax-grpc-2.33.0.jar:2.33.0]
	at com.google.api.core.ApiFutures$1.onFailure(ApiFutures.java:84) ~[api-common-2.16.0.jar:2.16.0]
	at com.google.common.util.concurrent.Futures$CallbackListener.run(Futures.java:1127) ~[guava-32.1.2-jre.jar:na]
	at com.google.common.util.concurrent.DirectExecutor.execute(DirectExecutor.java:31) ~[guava-32.1.2-jre.jar:na]
	at com.google.common.util.concurrent.AbstractFuture.executeListener(AbstractFuture.java:1286) ~[guava-32.1.2-jre.jar:na]
	at com.google.common.util.concurrent.AbstractFuture.complete(AbstractFuture.java:1055) ~[guava-32.1.2-jre.jar:na]
	at com.google.common.util.concurrent.AbstractFuture.setException(AbstractFuture.java:807) ~[guava-32.1.2-jre.jar:na]
	at io.grpc.stub.ClientCalls$GrpcFuture.setException(ClientCalls.java:578) ~[grpc-stub-1.56.1.jar:1.56.1]
	at io.grpc.stub.ClientCalls$UnaryStreamToFuture.onClose(ClientCalls.java:548) ~[grpc-stub-1.56.1.jar:1.56.1]
	at io.grpc.PartialForwardingClientCallListener.onClose(PartialForwardingClientCallListener.java:39) ~[grpc-api-1.56.1.jar:1.56.1]
	at io.grpc.ForwardingClientCallListener.onClose(ForwardingClientCallListener.java:23) ~[grpc-api-1.56.1.jar:1.56.1]
	at io.grpc.ForwardingClientCallListener$SimpleForwardingClientCallListener.onClose(ForwardingClientCallListener.java:40) ~[grpc-api-1.56.1.jar:1.56.1]
	at com.google.api.gax.grpc.ChannelPool$ReleasingClientCall$1.onClose(ChannelPool.java:541) ~[gax-grpc-2.33.0.jar:2.33.0]
	at io.grpc.internal.ClientCallImpl.closeObserver(ClientCallImpl.java:567) ~[grpc-core-1.56.1.jar:1.56.1]
	at io.grpc.internal.ClientCallImpl.access$300(ClientCallImpl.java:71) ~[grpc-core-1.56.1.jar:1.56.1]
	at io.grpc.internal.ClientCallImpl$ClientStreamListenerImpl$1StreamClosed.runInternal(ClientCallImpl.java:735) ~[grpc-core-1.56.1.jar:1.56.1]
	at io.grpc.internal.ClientCallImpl$ClientStreamListenerImpl$1StreamClosed.runInContext(ClientCallImpl.java:716) ~[grpc-core-1.56.1.jar:1.56.1]
	at io.grpc.internal.ContextRunnable.run(ContextRunnable.java:37) ~[grpc-core-1.56.1.jar:1.56.1]
	at io.grpc.internal.SerializingExecutor.run(SerializingExecutor.java:133) ~[grpc-core-1.56.1.jar:1.56.1]
	... 3 common frames omitted
	Suppressed: com.google.api.gax.rpc.AsyncTaskException: Asynchronous task failed
		at com.google.api.gax.rpc.ApiExceptions.callAndTranslateApiException(ApiExceptions.java:57) ~[gax-2.33.0.jar:2.33.0]
		at com.google.api.gax.rpc.UnaryCallable.call(UnaryCallable.java:112) ~[gax-2.33.0.jar:2.33.0]
		at com.google.cloud.alloydb.v1beta.AlloyDBAdminClient.getConnectionInfo(AlloyDBAdminClient.java:4013) ~[google-cloud-alloydb-0.13.0.jar:0.13.0]
		at com.google.cloud.alloydb.v1beta.AlloyDBAdminClient.getConnectionInfo(AlloyDBAdminClient.java:3954) ~[google-cloud-alloydb-0.13.0.jar:0.13.0]
		at com.google.cloud.alloydb.DefaultConnectionInfoRepository.getConnectionInfo(DefaultConnectionInfoRepository.java:88) ~[alloydb-jdbc-connector-0.1.2-SNAPSHOT.jar:0.1.2-SNAPSHOT]
		at com.google.cloud.alloydb.DefaultConnectionInfoRepository.lambda$getConnectionInfo$0(DefaultConnectionInfoRepository.java:65) ~[alloydb-jdbc-connector-0.1.2-SNAPSHOT.jar:0.1.2-SNAPSHOT]
		at java.base/java.util.concurrent.FutureTask.run(FutureTask.java:264) ~[na:na]
		at java.base/java.util.concurrent.ScheduledThreadPoolExecutor$ScheduledFutureTask.run(ScheduledThreadPoolExecutor.java:304) ~[na:na]
		... 3 common frames omitted
Caused by: io.grpc.StatusRuntimeException: UNAVAILABLE: Credentials failed to obtain metadata
	at io.grpc.Status.asRuntimeException(Status.java:539) ~[grpc-api-1.56.1.jar:1.56.1]
	... 14 common frames omitted
Caused by: java.io.IOException: Error requesting access token
	at com.google.auth.oauth2.ImpersonatedCredentials.refreshAccessToken(ImpersonatedCredentials.java:512) ~[google-auth-library-oauth2-http-1.19.0.jar:na]
	at com.google.auth.oauth2.OAuth2Credentials$1.call(OAuth2Credentials.java:269) ~[google-auth-library-oauth2-http-1.19.0.jar:na]
	at com.google.auth.oauth2.OAuth2Credentials$1.call(OAuth2Credentials.java:266) ~[google-auth-library-oauth2-http-1.19.0.jar:na]
	at java.base/java.util.concurrent.FutureTask.run(FutureTask.java:264) ~[na:na]
	at com.google.auth.oauth2.OAuth2Credentials$RefreshTask.run(OAuth2Credentials.java:633) ~[google-auth-library-oauth2-http-1.19.0.jar:na]
	... 3 common frames omitted
Caused by: com.google.api.client.http.HttpResponseException: 404 Not Found
POST https://iamcredentials.googleapis.com/v1/projects/-/serviceAccounts/kamalanaabharao@gmail.com:generateAccessToken
{
  "error": {
    "code": 404,
    "message": "Not found; Gaia id not found for email kamalanaabharao@gmail.com",
    "errors": [
      {
        "message": "Not found; Gaia id not found for email kamalanaabharao@gmail.com",
        "domain": "global",
        "reason": "notFound"
      }
    ],
    "status": "NOT_FOUND"
  }
}

	at com.google.api.client.http.HttpResponseException$Builder.build(HttpResponseException.java:293) ~[google-http-client-1.43.3.jar:1.43.3]
	at com.google.api.client.http.HttpRequest.execute(HttpRequest.java:1118) ~[google-http-client-1.43.3.jar:1.43.3]
	at com.google.auth.oauth2.ImpersonatedCredentials.refreshAccessToken(ImpersonatedCredentials.java:510) ~[google-auth-library-oauth2-http-1.19.0.jar:na]
	... 7 common frames omitted

2023-09-21 06:36:52.166  INFO 12420 --- [pool-1-thread-1] c.g.c.a.DefaultConnectionInfoCache       : [projects/testalloydb-399019/locations/us-central1/clusters/my-cluster/instances/my-primary] Refresh Operation: Acquiring rate limiter permit.
2023-09-21 06:36:52.166  INFO 12420 --- [pool-1-thread-1] c.g.c.a.DefaultConnectionInfoCache       : [projects/testalloydb-399019/locations/us-central1/clusters/my-cluster/instances/my-primary] Refresh Operation: Acquired rate limiter permit. Starting refresh...
2023-09-21 06:36:53.188  WARN 12420 --- [           main] o.s.w.c.s.GenericWebApplicationContext   : Exception encountered during context initialization - cancelling refresh attempt: org.springframework.beans.factory.UnsatisfiedDependencyException: Error creating bean with name 'todosEntityManagerFactory' defined in class path resource [com/vitech/pensionCalc/config/JpaConfiguration.class]: Unsatisfied dependency expressed through method 'todosEntityManagerFactory' parameter 0; nested exception is org.springframework.beans.factory.BeanCreationException: Error creating bean with name 'getDataSource' defined in class path resource [com/vitech/pensionCalc/config/AlloyDBConfiguration.class]: Bean instantiation via factory method failed; nested exception is org.springframework.beans.BeanInstantiationException: Failed to instantiate [com.zaxxer.hikari.HikariDataSource]: Factory method 'getDataSource' threw exception; nested exception is com.zaxxer.hikari.pool.HikariPool$PoolInitializationException: Failed to initialize pool: Something unusual has occurred to cause the driver to fail. Please report this exception.
2023-09-21 06:36:53.203  INFO 12420 --- [           main] ConditionEvaluationReportLoggingListener : 

Error starting ApplicationContext. To display the conditions report re-run your application with 'debug' enabled.
2023-09-21 06:36:53.241 ERROR 12420 --- [           main] o.s.boot.SpringApplication               : Application run failed

org.springframework.beans.factory.UnsatisfiedDependencyException: Error creating bean with name 'todosEntityManagerFactory' defined in class path resource [com/vitech/pensionCalc/config/JpaConfiguration.class]: Unsatisfied dependency expressed through method 'todosEntityManagerFactory' parameter 0; nested exception is org.springframework.beans.factory.BeanCreationException: Error creating bean with name 'getDataSource' defined in class path resource [com/vitech/pensionCalc/config/AlloyDBConfiguration.class]: Bean instantiation via factory method failed; nested exception is org.springframework.beans.BeanInstantiationException: Failed to instantiate [com.zaxxer.hikari.HikariDataSource]: Factory method 'getDataSource' threw exception; nested exception is com.zaxxer.hikari.pool.HikariPool$PoolInitializationException: Failed to initialize pool: Something unusual has occurred to cause the driver to fail. Please report this exception.
	at org.springframework.beans.factory.support.ConstructorResolver.createArgumentArray(ConstructorResolver.java:800) ~[spring-beans-5.3.2.jar:5.3.2]
	at org.springframework.beans.factory.support.ConstructorResolver.instantiateUsingFactoryMethod(ConstructorResolver.java:541) ~[spring-beans-5.3.2.jar:5.3.2]
	at org.springframework.beans.factory.support.AbstractAutowireCapableBeanFactory.instantiateUsingFactoryMethod(AbstractAutowireCapableBeanFactory.java:1336) ~[spring-beans-5.3.2.jar:5.3.2]
	at org.springframework.beans.factory.support.AbstractAutowireCapableBeanFactory.createBeanInstance(AbstractAutowireCapableBeanFactory.java:1179) ~[spring-beans-5.3.2.jar:5.3.2]
	at org.springframework.beans.factory.support.AbstractAutowireCapableBeanFactory.doCreateBean(AbstractAutowireCapableBeanFactory.java:571) ~[spring-beans-5.3.2.jar:5.3.2]
	at org.springframework.beans.factory.support.AbstractAutowireCapableBeanFactory.createBean(AbstractAutowireCapableBeanFactory.java:531) ~[spring-beans-5.3.2.jar:5.3.2]
	at org.springframework.beans.factory.support.AbstractBeanFactory.lambda$doGetBean$0(AbstractBeanFactory.java:335) ~[spring-beans-5.3.2.jar:5.3.2]
	at org.springframework.beans.factory.support.DefaultSingletonBeanRegistry.getSingleton(DefaultSingletonBeanRegistry.java:234) ~[spring-beans-5.3.2.jar:5.3.2]
	at org.springframework.beans.factory.support.AbstractBeanFactory.doGetBean(AbstractBeanFactory.java:333) ~[spring-beans-5.3.2.jar:5.3.2]
	at org.springframework.beans.factory.support.AbstractBeanFactory.getBean(AbstractBeanFactory.java:208) ~[spring-beans-5.3.2.jar:5.3.2]
	at org.springframework.context.support.AbstractApplicationContext.getBean(AbstractApplicationContext.java:1159) ~[spring-context-5.3.2.jar:5.3.2]
	at org.springframework.context.support.AbstractApplicationContext.finishBeanFactoryInitialization(AbstractApplicationContext.java:913) ~[spring-context-5.3.2.jar:5.3.2]
	at org.springframework.context.support.AbstractApplicationContext.refresh(AbstractApplicationContext.java:588) ~[spring-context-5.3.2.jar:5.3.2]
	at org.springframework.boot.SpringApplication.refresh(SpringApplication.java:767) ~[spring-boot-2.4.1.jar:2.4.1]
	at org.springframework.boot.SpringApplication.refresh(SpringApplication.java:759) ~[spring-boot-2.4.1.jar:2.4.1]
	at org.springframework.boot.SpringApplication.refreshContext(SpringApplication.java:426) ~[spring-boot-2.4.1.jar:2.4.1]
	at org.springframework.boot.SpringApplication.run(SpringApplication.java:326) ~[spring-boot-2.4.1.jar:2.4.1]
	at org.springframework.boot.test.context.SpringBootContextLoader.loadContext(SpringBootContextLoader.java:122) ~[spring-boot-test-2.4.1.jar:2.4.1]
	at org.springframework.test.context.cache.DefaultCacheAwareContextLoaderDelegate.loadContextInternal(DefaultCacheAwareContextLoaderDelegate.java:99) ~[spring-test-5.3.2.jar:5.3.2]
	at org.springframework.test.context.cache.DefaultCacheAwareContextLoaderDelegate.loadContext(DefaultCacheAwareContextLoaderDelegate.java:124) ~[spring-test-5.3.2.jar:5.3.2]
	at org.springframework.test.context.support.DefaultTestContext.getApplicationContext(DefaultTestContext.java:123) ~[spring-test-5.3.2.jar:5.3.2]
	at org.springframework.test.context.web.ServletTestExecutionListener.setUpRequestContextIfNecessary(ServletTestExecutionListener.java:190) ~[spring-test-5.3.2.jar:5.3.2]
	at org.springframework.test.context.web.ServletTestExecutionListener.prepareTestInstance(ServletTestExecutionListener.java:132) ~[spring-test-5.3.2.jar:5.3.2]
	at org.springframework.test.context.TestContextManager.prepareTestInstance(TestContextManager.java:244) ~[spring-test-5.3.2.jar:5.3.2]
	at org.springframework.test.context.junit.jupiter.SpringExtension.postProcessTestInstance(SpringExtension.java:137) ~[spring-test-5.3.2.jar:5.3.2]
	at org.junit.jupiter.engine.descriptor.ClassBasedTestDescriptor.lambda$invokeTestInstancePostProcessors$6(ClassBasedTestDescriptor.java:350) ~[junit-jupiter-engine-5.7.0.jar:5.7.0]
	at org.junit.jupiter.engine.descriptor.ClassBasedTestDescriptor.executeAndMaskThrowable(ClassBasedTestDescriptor.java:355) ~[junit-jupiter-engine-5.7.0.jar:5.7.0]
	at org.junit.jupiter.engine.descriptor.ClassBasedTestDescriptor.lambda$invokeTestInstancePostProcessors$7(ClassBasedTestDescriptor.java:350) ~[junit-jupiter-engine-5.7.0.jar:5.7.0]
	at java.base/java.util.stream.ReferencePipeline$3$1.accept(ReferencePipeline.java:195) ~[na:na]
	at java.base/java.util.stream.ReferencePipeline$2$1.accept(ReferencePipeline.java:177) ~[na:na]
	at java.base/java.util.ArrayList$ArrayListSpliterator.forEachRemaining(ArrayList.java:1654) ~[na:na]
	at java.base/java.util.stream.AbstractPipeline.copyInto(AbstractPipeline.java:484) ~[na:na]
	at java.base/java.util.stream.AbstractPipeline.wrapAndCopyInto(AbstractPipeline.java:474) ~[na:na]
	at java.base/java.util.stream.StreamSpliterators$WrappingSpliterator.forEachRemaining(StreamSpliterators.java:312) ~[na:na]
	at java.base/java.util.stream.Streams$ConcatSpliterator.forEachRemaining(Streams.java:735) ~[na:na]
	at java.base/java.util.stream.Streams$ConcatSpliterator.forEachRemaining(Streams.java:734) ~[na:na]
	at java.base/java.util.stream.ReferencePipeline$Head.forEach(ReferencePipeline.java:658) ~[na:na]
	at org.junit.jupiter.engine.descriptor.ClassBasedTestDescriptor.invokeTestInstancePostProcessors(ClassBasedTestDescriptor.java:349) ~[junit-jupiter-engine-5.7.0.jar:5.7.0]
	at org.junit.jupiter.engine.descriptor.ClassBasedTestDescriptor.lambda$instantiateAndPostProcessTestInstance$4(ClassBasedTestDescriptor.java:270) ~[junit-jupiter-engine-5.7.0.jar:5.7.0]
	at org.junit.platform.engine.support.hierarchical.ThrowableCollector.execute(ThrowableCollector.java:73) ~[junit-platform-engine-1.7.0.jar:1.7.0]
	at org.junit.jupiter.engine.descriptor.ClassBasedTestDescriptor.instantiateAndPostProcessTestInstance(ClassBasedTestDescriptor.java:269) ~[junit-jupiter-engine-5.7.0.jar:5.7.0]
	at org.junit.jupiter.engine.descriptor.ClassBasedTestDescriptor.lambda$testInstancesProvider$2(ClassBasedTestDescriptor.java:259) ~[junit-jupiter-engine-5.7.0.jar:5.7.0]
	at java.base/java.util.Optional.orElseGet(Optional.java:369) ~[na:na]
	at org.junit.jupiter.engine.descriptor.ClassBasedTestDescriptor.lambda$testInstancesProvider$3(ClassBasedTestDescriptor.java:258) ~[junit-jupiter-engine-5.7.0.jar:5.7.0]
	at org.junit.jupiter.engine.execution.TestInstancesProvider.getTestInstances(TestInstancesProvider.java:31) ~[junit-jupiter-engine-5.7.0.jar:5.7.0]
	at org.junit.jupiter.engine.descriptor.TestMethodTestDescriptor.lambda$prepare$0(TestMethodTestDescriptor.java:101) ~[junit-jupiter-engine-5.7.0.jar:5.7.0]
	at org.junit.platform.engine.support.hierarchical.ThrowableCollector.execute(ThrowableCollector.java:73) ~[junit-platform-engine-1.7.0.jar:1.7.0]
	at org.junit.jupiter.engine.descriptor.TestMethodTestDescriptor.prepare(TestMethodTestDescriptor.java:100) ~[junit-jupiter-engine-5.7.0.jar:5.7.0]
	at org.junit.jupiter.engine.descriptor.TestMethodTestDescriptor.prepare(TestMethodTestDescriptor.java:65) ~[junit-jupiter-engine-5.7.0.jar:5.7.0]
	at org.junit.platform.engine.support.hierarchical.NodeTestTask.lambda$prepare$1(NodeTestTask.java:111) ~[junit-platform-engine-1.7.0.jar:1.7.0]
	at org.junit.platform.engine.support.hierarchical.ThrowableCollector.execute(ThrowableCollector.java:73) ~[junit-platform-engine-1.7.0.jar:1.7.0]
	at org.junit.platform.engine.support.hierarchical.NodeTestTask.prepare(NodeTestTask.java:111) ~[junit-platform-engine-1.7.0.jar:1.7.0]
	at org.junit.platform.engine.support.hierarchical.NodeTestTask.execute(NodeTestTask.java:79) ~[junit-platform-engine-1.7.0.jar:1.7.0]
	at java.base/java.util.ArrayList.forEach(ArrayList.java:1540) ~[na:na]
	at org.junit.platform.engine.support.hierarchical.SameThreadHierarchicalTestExecutorService.invokeAll(SameThreadHierarchicalTestExecutorService.java:38) ~[junit-platform-engine-1.7.0.jar:1.7.0]
	at org.junit.platform.engine.support.hierarchical.NodeTestTask.lambda$executeRecursively$5(NodeTestTask.java:143) ~[junit-platform-engine-1.7.0.jar:1.7.0]
	at org.junit.platform.engine.support.hierarchical.ThrowableCollector.execute(ThrowableCollector.java:73) ~[junit-platform-engine-1.7.0.jar:1.7.0]
	at org.junit.platform.engine.support.hierarchical.NodeTestTask.lambda$executeRecursively$7(NodeTestTask.java:129) ~[junit-platform-engine-1.7.0.jar:1.7.0]
	at org.junit.platform.engine.support.hierarchical.Node.around(Node.java:137) ~[junit-platform-engine-1.7.0.jar:1.7.0]
	at org.junit.platform.engine.support.hierarchical.NodeTestTask.lambda$executeRecursively$8(NodeTestTask.java:127) ~[junit-platform-engine-1.7.0.jar:1.7.0]
	at org.junit.platform.engine.support.hierarchical.ThrowableCollector.execute(ThrowableCollector.java:73) ~[junit-platform-engine-1.7.0.jar:1.7.0]
	at org.junit.platform.engine.support.hierarchical.NodeTestTask.executeRecursively(NodeTestTask.java:126) ~[junit-platform-engine-1.7.0.jar:1.7.0]
	at org.junit.platform.engine.support.hierarchical.NodeTestTask.execute(NodeTestTask.java:84) ~[junit-platform-engine-1.7.0.jar:1.7.0]
	at java.base/java.util.ArrayList.forEach(ArrayList.java:1540) ~[na:na]
	at org.junit.platform.engine.support.hierarchical.SameThreadHierarchicalTestExecutorService.invokeAll(SameThreadHierarchicalTestExecutorService.java:38) ~[junit-platform-engine-1.7.0.jar:1.7.0]
	at org.junit.platform.engine.support.hierarchical.NodeTestTask.lambda$executeRecursively$5(NodeTestTask.java:143) ~[junit-platform-engine-1.7.0.jar:1.7.0]
	at org.junit.platform.engine.support.hierarchical.ThrowableCollector.execute(ThrowableCollector.java:73) ~[junit-platform-engine-1.7.0.jar:1.7.0]
	at org.junit.platform.engine.support.hierarchical.NodeTestTask.lambda$executeRecursively$7(NodeTestTask.java:129) ~[junit-platform-engine-1.7.0.jar:1.7.0]
	at org.junit.platform.engine.support.hierarchical.Node.around(Node.java:137) ~[junit-platform-engine-1.7.0.jar:1.7.0]
	at org.junit.platform.engine.support.hierarchical.NodeTestTask.lambda$executeRecursively$8(NodeTestTask.java:127) ~[junit-platform-engine-1.7.0.jar:1.7.0]
	at org.junit.platform.engine.support.hierarchical.ThrowableCollector.execute(ThrowableCollector.java:73) ~[junit-platform-engine-1.7.0.jar:1.7.0]
	at org.junit.platform.engine.support.hierarchical.NodeTestTask.executeRecursively(NodeTestTask.java:126) ~[junit-platform-engine-1.7.0.jar:1.7.0]
	at org.junit.platform.engine.support.hierarchical.NodeTestTask.execute(NodeTestTask.java:84) ~[junit-platform-engine-1.7.0.jar:1.7.0]
	at org.junit.platform.engine.support.hierarchical.SameThreadHierarchicalTestExecutorService.submit(SameThreadHierarchicalTestExecutorService.java:32) ~[junit-platform-engine-1.7.0.jar:1.7.0]
	at org.junit.platform.engine.support.hierarchical.HierarchicalTestExecutor.execute(HierarchicalTestExecutor.java:57) ~[junit-platform-engine-1.7.0.jar:1.7.0]
	at org.junit.platform.engine.support.hierarchical.HierarchicalTestEngine.execute(HierarchicalTestEngine.java:51) ~[junit-platform-engine-1.7.0.jar:1.7.0]
	at org.junit.platform.launcher.core.DefaultLauncher.execute(DefaultLauncher.java:220) ~[junit-platform-launcher-1.3.1.jar:1.3.1]
	at org.junit.platform.launcher.core.DefaultLauncher.lambda$execute$6(DefaultLauncher.java:188) ~[junit-platform-launcher-1.3.1.jar:1.3.1]
	at org.junit.platform.launcher.core.DefaultLauncher.withInterceptedStreams(DefaultLauncher.java:202) ~[junit-platform-launcher-1.3.1.jar:1.3.1]
	at org.junit.platform.launcher.core.DefaultLauncher.execute(DefaultLauncher.java:181) ~[junit-platform-launcher-1.3.1.jar:1.3.1]
	at org.junit.platform.launcher.core.DefaultLauncher.execute(DefaultLauncher.java:128) ~[junit-platform-launcher-1.3.1.jar:1.3.1]
	at org.apache.maven.surefire.junitplatform.JUnitPlatformProvider.invokeAllTests(JUnitPlatformProvider.java:150) ~[surefire-junit-platform-2.22.2.jar:2.22.2]
	at org.apache.maven.surefire.junitplatform.JUnitPlatformProvider.invoke(JUnitPlatformProvider.java:124) ~[surefire-junit-platform-2.22.2.jar:2.22.2]
	at org.apache.maven.surefire.booter.ForkedBooter.invokeProviderInSameClassLoader(ForkedBooter.java:384) ~[surefire-booter-2.22.2.jar:2.22.2]
	at org.apache.maven.surefire.booter.ForkedBooter.runSuitesInProcess(ForkedBooter.java:345) ~[surefire-booter-2.22.2.jar:2.22.2]
	at org.apache.maven.surefire.booter.ForkedBooter.execute(ForkedBooter.java:126) ~[surefire-booter-2.22.2.jar:2.22.2]
	at org.apache.maven.surefire.booter.ForkedBooter.main(ForkedBooter.java:418) ~[surefire-booter-2.22.2.jar:2.22.2]
Caused by: org.springframework.beans.factory.BeanCreationException: Error creating bean with name 'getDataSource' defined in class path resource [com/vitech/pensionCalc/config/AlloyDBConfiguration.class]: Bean instantiation via factory method failed; nested exception is org.springframework.beans.BeanInstantiationException: Failed to instantiate [com.zaxxer.hikari.HikariDataSource]: Factory method 'getDataSource' threw exception; nested exception is com.zaxxer.hikari.pool.HikariPool$PoolInitializationException: Failed to initialize pool: Something unusual has occurred to cause the driver to fail. Please report this exception.
	at org.springframework.beans.factory.support.ConstructorResolver.instantiate(ConstructorResolver.java:658) ~[spring-beans-5.3.2.jar:5.3.2]
	at org.springframework.beans.factory.support.ConstructorResolver.instantiateUsingFactoryMethod(ConstructorResolver.java:486) ~[spring-beans-5.3.2.jar:5.3.2]
	at org.springframework.beans.factory.support.AbstractAutowireCapableBeanFactory.instantiateUsingFactoryMethod(AbstractAutowireCapableBeanFactory.java:1336) ~[spring-beans-5.3.2.jar:5.3.2]
	at org.springframework.beans.factory.support.AbstractAutowireCapableBeanFactory.createBeanInstance(AbstractAutowireCapableBeanFactory.java:1179) ~[spring-beans-5.3.2.jar:5.3.2]
	at org.springframework.beans.factory.support.AbstractAutowireCapableBeanFactory.doCreateBean(AbstractAutowireCapableBeanFactory.java:571) ~[spring-beans-5.3.2.jar:5.3.2]
	at org.springframework.beans.factory.support.AbstractAutowireCapableBeanFactory.createBean(AbstractAutowireCapableBeanFactory.java:531) ~[spring-beans-5.3.2.jar:5.3.2]
	at org.springframework.beans.factory.support.AbstractBeanFactory.lambda$doGetBean$0(AbstractBeanFactory.java:335) ~[spring-beans-5.3.2.jar:5.3.2]
	at org.springframework.beans.factory.support.DefaultSingletonBeanRegistry.getSingleton(DefaultSingletonBeanRegistry.java:234) ~[spring-beans-5.3.2.jar:5.3.2]
	at org.springframework.beans.factory.support.AbstractBeanFactory.doGetBean(AbstractBeanFactory.java:333) ~[spring-beans-5.3.2.jar:5.3.2]
	at org.springframework.beans.factory.support.AbstractBeanFactory.getBean(AbstractBeanFactory.java:208) ~[spring-beans-5.3.2.jar:5.3.2]
	at org.springframework.beans.factory.config.DependencyDescriptor.resolveCandidate(DependencyDescriptor.java:276) ~[spring-beans-5.3.2.jar:5.3.2]
	at org.springframework.beans.factory.support.DefaultListableBeanFactory.doResolveDependency(DefaultListableBeanFactory.java:1367) ~[spring-beans-5.3.2.jar:5.3.2]
	at org.springframework.beans.factory.support.DefaultListableBeanFactory.resolveDependency(DefaultListableBeanFactory.java:1287) ~[spring-beans-5.3.2.jar:5.3.2]
	at org.springframework.beans.factory.support.ConstructorResolver.resolveAutowiredArgument(ConstructorResolver.java:887) ~[spring-beans-5.3.2.jar:5.3.2]
	at org.springframework.beans.factory.support.ConstructorResolver.createArgumentArray(ConstructorResolver.java:791) ~[spring-beans-5.3.2.jar:5.3.2]
	... 86 common frames omitted
Caused by: org.springframework.beans.BeanInstantiationException: Failed to instantiate [com.zaxxer.hikari.HikariDataSource]: Factory method 'getDataSource' threw exception; nested exception is com.zaxxer.hikari.pool.HikariPool$PoolInitializationException: Failed to initialize pool: Something unusual has occurred to cause the driver to fail. Please report this exception.
	at org.springframework.beans.factory.support.SimpleInstantiationStrategy.instantiate(SimpleInstantiationStrategy.java:185) ~[spring-beans-5.3.2.jar:5.3.2]
	at org.springframework.beans.factory.support.ConstructorResolver.instantiate(ConstructorResolver.java:653) ~[spring-beans-5.3.2.jar:5.3.2]
	... 100 common frames omitted
Caused by: com.zaxxer.hikari.pool.HikariPool$PoolInitializationException: Failed to initialize pool: Something unusual has occurred to cause the driver to fail. Please report this exception.
	at com.zaxxer.hikari.pool.HikariPool.throwPoolInitializationException(HikariPool.java:584) ~[HikariCP-5.0.2-SNAPSHOT.jar:na]
	at com.zaxxer.hikari.pool.HikariPool.checkFailFast(HikariPool.java:571) ~[HikariCP-5.0.2-SNAPSHOT.jar:na]
	at com.zaxxer.hikari.pool.HikariPool.<init>(HikariPool.java:98) ~[HikariCP-5.0.2-SNAPSHOT.jar:na]
	at com.zaxxer.hikari.HikariDataSource.<init>(HikariDataSource.java:80) ~[HikariCP-5.0.2-SNAPSHOT.jar:na]
	at com.vitech.pensionCalc.config.AlloyDBConfiguration.getDataSource(AlloyDBConfiguration.java:40) ~[classes/:na]
	at java.base/jdk.internal.reflect.NativeMethodAccessorImpl.invoke0(Native Method) ~[na:na]
	at java.base/jdk.internal.reflect.NativeMethodAccessorImpl.invoke(NativeMethodAccessorImpl.java:62) ~[na:na]
	at java.base/jdk.internal.reflect.DelegatingMethodAccessorImpl.invoke(DelegatingMethodAccessorImpl.java:43) ~[na:na]
	at java.base/java.lang.reflect.Method.invoke(Method.java:566) ~[na:na]
	at org.springframework.beans.factory.support.SimpleInstantiationStrategy.instantiate(SimpleInstantiationStrategy.java:154) ~[spring-beans-5.3.2.jar:5.3.2]
	... 101 common frames omitted
Caused by: org.postgresql.util.PSQLException: Something unusual has occurred to cause the driver to fail. Please report this exception.
	at org.postgresql.Driver.connect(Driver.java:285) ~[postgresql-42.2.18.jar:42.2.18]
	at com.zaxxer.hikari.util.DriverDataSource.getConnection(DriverDataSource.java:137) ~[HikariCP-5.0.2-SNAPSHOT.jar:na]
	at com.zaxxer.hikari.pool.PoolBase.newConnection(PoolBase.java:360) ~[HikariCP-5.0.2-SNAPSHOT.jar:na]
	at com.zaxxer.hikari.pool.PoolBase.newPoolEntry(PoolBase.java:202) ~[HikariCP-5.0.2-SNAPSHOT.jar:na]
	at com.zaxxer.hikari.pool.HikariPool.createPoolEntry(HikariPool.java:461) ~[HikariCP-5.0.2-SNAPSHOT.jar:na]
	at com.zaxxer.hikari.pool.HikariPool.checkFailFast(HikariPool.java:550) ~[HikariCP-5.0.2-SNAPSHOT.jar:na]
	... 109 common frames omitted
Caused by: java.lang.RuntimeException: java.util.concurrent.ExecutionException: java.util.concurrent.ExecutionException: com.google.api.gax.rpc.UnavailableException: io.grpc.StatusRuntimeException: UNAVAILABLE: Credentials failed to obtain metadata
	at com.google.cloud.alloydb.DefaultConnectionInfoCache.getConnectionInfo(DefaultConnectionInfoCache.java:92) ~[alloydb-jdbc-connector-0.1.2-SNAPSHOT.jar:0.1.2-SNAPSHOT]
	at com.google.cloud.alloydb.Connector.connect(Connector.java:155) ~[alloydb-jdbc-connector-0.1.2-SNAPSHOT.jar:0.1.2-SNAPSHOT]
	at com.google.cloud.alloydb.SocketFactory.createSocket(SocketFactory.java:39) ~[alloydb-jdbc-connector-0.1.2-SNAPSHOT.jar:0.1.2-SNAPSHOT]
	at org.postgresql.core.PGStream.createSocket(PGStream.java:223) ~[postgresql-42.2.18.jar:42.2.18]
	at org.postgresql.core.PGStream.<init>(PGStream.java:95) ~[postgresql-42.2.18.jar:42.2.18]
	at org.postgresql.core.v3.ConnectionFactoryImpl.tryConnect(ConnectionFactoryImpl.java:98) ~[postgresql-42.2.18.jar:42.2.18]
	at org.postgresql.core.v3.ConnectionFactoryImpl.openConnectionImpl(ConnectionFactoryImpl.java:213) ~[postgresql-42.2.18.jar:42.2.18]
	at org.postgresql.core.ConnectionFactory.openConnection(ConnectionFactory.java:51) ~[postgresql-42.2.18.jar:42.2.18]
	at org.postgresql.jdbc.PgConnection.<init>(PgConnection.java:225) ~[postgresql-42.2.18.jar:42.2.18]
	at org.postgresql.Driver.makeConnection(Driver.java:465) ~[postgresql-42.2.18.jar:42.2.18]
	at org.postgresql.Driver.connect(Driver.java:264) ~[postgresql-42.2.18.jar:42.2.18]
	... 114 common frames omitted
Caused by: java.util.concurrent.ExecutionException: java.util.concurrent.ExecutionException: com.google.api.gax.rpc.UnavailableException: io.grpc.StatusRuntimeException: UNAVAILABLE: Credentials failed to obtain metadata
	at java.base/java.util.concurrent.FutureTask.report(FutureTask.java:122) ~[na:na]
	at java.base/java.util.concurrent.FutureTask.get(FutureTask.java:191) ~[na:na]
	at com.google.common.util.concurrent.Uninterruptibles.getUninterruptibly(Uninterruptibles.java:247) ~[guava-32.1.2-jre.jar:na]
	at com.google.cloud.alloydb.DefaultConnectionInfoCache.getConnectionInfo(DefaultConnectionInfoCache.java:90) ~[alloydb-jdbc-connector-0.1.2-SNAPSHOT.jar:0.1.2-SNAPSHOT]
	... 124 common frames omitted
Caused by: java.util.concurrent.ExecutionException: com.google.api.gax.rpc.UnavailableException: io.grpc.StatusRuntimeException: UNAVAILABLE: Credentials failed to obtain metadata
	at java.base/java.util.concurrent.FutureTask.report(FutureTask.java:122) ~[na:na]
	at java.base/java.util.concurrent.FutureTask.get(FutureTask.java:191) ~[na:na]
	at com.google.cloud.alloydb.DefaultConnectionInfoRepository.getConnectionInfo(DefaultConnectionInfoRepository.java:69) ~[alloydb-jdbc-connector-0.1.2-SNAPSHOT.jar:0.1.2-SNAPSHOT]
	at com.google.cloud.alloydb.DefaultConnectionInfoCache.performRefresh(DefaultConnectionInfoCache.java:113) ~[alloydb-jdbc-connector-0.1.2-SNAPSHOT.jar:0.1.2-SNAPSHOT]
	at java.base/java.util.concurrent.FutureTask.run(FutureTask.java:264) ~[na:na]
	at java.base/java.util.concurrent.ScheduledThreadPoolExecutor$ScheduledFutureTask.run(ScheduledThreadPoolExecutor.java:304) ~[na:na]
	at java.base/java.util.concurrent.ThreadPoolExecutor.runWorker(ThreadPoolExecutor.java:1128) ~[na:na]
	at java.base/java.util.concurrent.ThreadPoolExecutor$Worker.run(ThreadPoolExecutor.java:628) ~[na:na]
	at java.base/java.lang.Thread.run(Thread.java:834) ~[na:na]
Caused by: com.google.api.gax.rpc.UnavailableException: io.grpc.StatusRuntimeException: UNAVAILABLE: Credentials failed to obtain metadata
	at com.google.api.gax.rpc.ApiExceptionFactory.createException(ApiExceptionFactory.java:112) ~[gax-2.33.0.jar:2.33.0]
	at com.google.api.gax.rpc.ApiExceptionFactory.createException(ApiExceptionFactory.java:41) ~[gax-2.33.0.jar:2.33.0]
	at com.google.api.gax.grpc.GrpcApiExceptionFactory.create(GrpcApiExceptionFactory.java:86) ~[gax-grpc-2.33.0.jar:2.33.0]
	at com.google.api.gax.grpc.GrpcApiExceptionFactory.create(GrpcApiExceptionFactory.java:66) ~[gax-grpc-2.33.0.jar:2.33.0]
	at com.google.api.gax.grpc.GrpcExceptionCallable$ExceptionTransformingFuture.onFailure(GrpcExceptionCallable.java:97) ~[gax-grpc-2.33.0.jar:2.33.0]
	at com.google.api.core.ApiFutures$1.onFailure(ApiFutures.java:84) ~[api-common-2.16.0.jar:2.16.0]
	at com.google.common.util.concurrent.Futures$CallbackListener.run(Futures.java:1127) ~[guava-32.1.2-jre.jar:na]
	at com.google.common.util.concurrent.DirectExecutor.execute(DirectExecutor.java:31) ~[guava-32.1.2-jre.jar:na]
	at com.google.common.util.concurrent.AbstractFuture.executeListener(AbstractFuture.java:1286) ~[guava-32.1.2-jre.jar:na]
	at com.google.common.util.concurrent.AbstractFuture.complete(AbstractFuture.java:1055) ~[guava-32.1.2-jre.jar:na]
	at com.google.common.util.concurrent.AbstractFuture.setException(AbstractFuture.java:807) ~[guava-32.1.2-jre.jar:na]
	at io.grpc.stub.ClientCalls$GrpcFuture.setException(ClientCalls.java:578) ~[grpc-stub-1.56.1.jar:1.56.1]
	at io.grpc.stub.ClientCalls$UnaryStreamToFuture.onClose(ClientCalls.java:548) ~[grpc-stub-1.56.1.jar:1.56.1]
	at io.grpc.PartialForwardingClientCallListener.onClose(PartialForwardingClientCallListener.java:39) ~[grpc-api-1.56.1.jar:1.56.1]
	at io.grpc.ForwardingClientCallListener.onClose(ForwardingClientCallListener.java:23) ~[grpc-api-1.56.1.jar:1.56.1]
	at io.grpc.ForwardingClientCallListener$SimpleForwardingClientCallListener.onClose(ForwardingClientCallListener.java:40) ~[grpc-api-1.56.1.jar:1.56.1]
	at com.google.api.gax.grpc.ChannelPool$ReleasingClientCall$1.onClose(ChannelPool.java:541) ~[gax-grpc-2.33.0.jar:2.33.0]
	at io.grpc.internal.ClientCallImpl.closeObserver(ClientCallImpl.java:567) ~[grpc-core-1.56.1.jar:1.56.1]
	at io.grpc.internal.ClientCallImpl.access$300(ClientCallImpl.java:71) ~[grpc-core-1.56.1.jar:1.56.1]
	at io.grpc.internal.ClientCallImpl$ClientStreamListenerImpl$1StreamClosed.runInternal(ClientCallImpl.java:735) ~[grpc-core-1.56.1.jar:1.56.1]
	at io.grpc.internal.ClientCallImpl$ClientStreamListenerImpl$1StreamClosed.runInContext(ClientCallImpl.java:716) ~[grpc-core-1.56.1.jar:1.56.1]
	at io.grpc.internal.ContextRunnable.run(ContextRunnable.java:37) ~[grpc-core-1.56.1.jar:1.56.1]
	at io.grpc.internal.SerializingExecutor.run(SerializingExecutor.java:133) ~[grpc-core-1.56.1.jar:1.56.1]
	... 3 common frames omitted
	Suppressed: com.google.api.gax.rpc.AsyncTaskException: Asynchronous task failed
		at com.google.api.gax.rpc.ApiExceptions.callAndTranslateApiException(ApiExceptions.java:57) ~[gax-2.33.0.jar:2.33.0]
		at com.google.api.gax.rpc.UnaryCallable.call(UnaryCallable.java:112) ~[gax-2.33.0.jar:2.33.0]
		at com.google.cloud.alloydb.v1beta.AlloyDBAdminClient.getConnectionInfo(AlloyDBAdminClient.java:4013) ~[google-cloud-alloydb-0.13.0.jar:0.13.0]
		at com.google.cloud.alloydb.v1beta.AlloyDBAdminClient.getConnectionInfo(AlloyDBAdminClient.java:3954) ~[google-cloud-alloydb-0.13.0.jar:0.13.0]
		at com.google.cloud.alloydb.DefaultConnectionInfoRepository.getConnectionInfo(DefaultConnectionInfoRepository.java:88) ~[alloydb-jdbc-connector-0.1.2-SNAPSHOT.jar:0.1.2-SNAPSHOT]
		at com.google.cloud.alloydb.DefaultConnectionInfoRepository.lambda$getConnectionInfo$0(DefaultConnectionInfoRepository.java:65) ~[alloydb-jdbc-connector-0.1.2-SNAPSHOT.jar:0.1.2-SNAPSHOT]
		at java.base/java.util.concurrent.FutureTask.run(FutureTask.java:264) ~[na:na]
		at java.base/java.util.concurrent.ScheduledThreadPoolExecutor$ScheduledFutureTask.run(ScheduledThreadPoolExecutor.java:304) ~[na:na]
		... 3 common frames omitted
Caused by: io.grpc.StatusRuntimeException: UNAVAILABLE: Credentials failed to obtain metadata
	at io.grpc.Status.asRuntimeException(Status.java:539) ~[grpc-api-1.56.1.jar:1.56.1]
	... 14 common frames omitted
Caused by: java.io.IOException: Error requesting access token
	at com.google.auth.oauth2.ImpersonatedCredentials.refreshAccessToken(ImpersonatedCredentials.java:512) ~[google-auth-library-oauth2-http-1.19.0.jar:na]
	at com.google.auth.oauth2.OAuth2Credentials$1.call(OAuth2Credentials.java:269) ~[google-auth-library-oauth2-http-1.19.0.jar:na]
	at com.google.auth.oauth2.OAuth2Credentials$1.call(OAuth2Credentials.java:266) ~[google-auth-library-oauth2-http-1.19.0.jar:na]
	at java.base/java.util.concurrent.FutureTask.run(FutureTask.java:264) ~[na:na]
	at com.google.auth.oauth2.OAuth2Credentials$RefreshTask.run(OAuth2Credentials.java:633) ~[google-auth-library-oauth2-http-1.19.0.jar:na]
	... 3 common frames omitted
Caused by: com.google.api.client.http.HttpResponseException: 404 Not Found
POST https://iamcredentials.googleapis.com/v1/projects/-/serviceAccounts/kamalanaabharao@gmail.com:generateAccessToken
{
  "error": {
    "code": 404,
    "message": "Not found; Gaia id not found for email kamalanaabharao@gmail.com",
    "errors": [
      {
        "message": "Not found; Gaia id not found for email kamalanaabharao@gmail.com",
        "domain": "global",
        "reason": "notFound"
      }
    ],
    "status": "NOT_FOUND"
  }
}

	at com.google.api.client.http.HttpResponseException$Builder.build(HttpResponseException.java:293) ~[google-http-client-1.43.3.jar:1.43.3]
	at com.google.api.client.http.HttpRequest.execute(HttpRequest.java:1118) ~[google-http-client-1.43.3.jar:1.43.3]
	at com.google.auth.oauth2.ImpersonatedCredentials.refreshAccessToken(ImpersonatedCredentials.java:510) ~[google-auth-library-oauth2-http-1.19.0.jar:na]
	... 7 common frames omitted

2023-09-21 06:36:53.251 ERROR 12420 --- [           main] o.s.test.context.TestContextManager      : Caught exception while allowing TestExecutionListener [org.springframework.test.context.web.ServletTestExecutionListener@72ea6193] to prepare test instance [com.vitech.pensionCalc.PensionCalcApplicationTests@402b4f81]

java.lang.IllegalStateException: Failed to load ApplicationContext
	at org.springframework.test.context.cache.DefaultCacheAwareContextLoaderDelegate.loadContext(DefaultCacheAwareContextLoaderDelegate.java:132) ~[spring-test-5.3.2.jar:5.3.2]
	at org.springframework.test.context.support.DefaultTestContext.getApplicationContext(DefaultTestContext.java:123) ~[spring-test-5.3.2.jar:5.3.2]
	at org.springframework.test.context.web.ServletTestExecutionListener.setUpRequestContextIfNecessary(ServletTestExecutionListener.java:190) ~[spring-test-5.3.2.jar:5.3.2]
	at org.springframework.test.context.web.ServletTestExecutionListener.prepareTestInstance(ServletTestExecutionListener.java:132) ~[spring-test-5.3.2.jar:5.3.2]
	at org.springframework.test.context.TestContextManager.prepareTestInstance(TestContextManager.java:244) ~[spring-test-5.3.2.jar:5.3.2]
	at org.springframework.test.context.junit.jupiter.SpringExtension.postProcessTestInstance(SpringExtension.java:137) ~[spring-test-5.3.2.jar:5.3.2]
	at org.junit.jupiter.engine.descriptor.ClassBasedTestDescriptor.lambda$invokeTestInstancePostProcessors$6(ClassBasedTestDescriptor.java:350) ~[junit-jupiter-engine-5.7.0.jar:5.7.0]
	at org.junit.jupiter.engine.descriptor.ClassBasedTestDescriptor.executeAndMaskThrowable(ClassBasedTestDescriptor.java:355) ~[junit-jupiter-engine-5.7.0.jar:5.7.0]
	at org.junit.jupiter.engine.descriptor.ClassBasedTestDescriptor.lambda$invokeTestInstancePostProcessors$7(ClassBasedTestDescriptor.java:350) ~[junit-jupiter-engine-5.7.0.jar:5.7.0]
	at java.base/java.util.stream.ReferencePipeline$3$1.accept(ReferencePipeline.java:195) ~[na:na]
	at java.base/java.util.stream.ReferencePipeline$2$1.accept(ReferencePipeline.java:177) ~[na:na]
	at java.base/java.util.ArrayList$ArrayListSpliterator.forEachRemaining(ArrayList.java:1654) ~[na:na]
	at java.base/java.util.stream.AbstractPipeline.copyInto(AbstractPipeline.java:484) ~[na:na]
	at java.base/java.util.stream.AbstractPipeline.wrapAndCopyInto(AbstractPipeline.java:474) ~[na:na]
	at java.base/java.util.stream.StreamSpliterators$WrappingSpliterator.forEachRemaining(StreamSpliterators.java:312) ~[na:na]
	at java.base/java.util.stream.Streams$ConcatSpliterator.forEachRemaining(Streams.java:735) ~[na:na]
	at java.base/java.util.stream.Streams$ConcatSpliterator.forEachRemaining(Streams.java:734) ~[na:na]
	at java.base/java.util.stream.ReferencePipeline$Head.forEach(ReferencePipeline.java:658) ~[na:na]
	at org.junit.jupiter.engine.descriptor.ClassBasedTestDescriptor.invokeTestInstancePostProcessors(ClassBasedTestDescriptor.java:349) ~[junit-jupiter-engine-5.7.0.jar:5.7.0]
	at org.junit.jupiter.engine.descriptor.ClassBasedTestDescriptor.lambda$instantiateAndPostProcessTestInstance$4(ClassBasedTestDescriptor.java:270) ~[junit-jupiter-engine-5.7.0.jar:5.7.0]
	at org.junit.platform.engine.support.hierarchical.ThrowableCollector.execute(ThrowableCollector.java:73) ~[junit-platform-engine-1.7.0.jar:1.7.0]
	at org.junit.jupiter.engine.descriptor.ClassBasedTestDescriptor.instantiateAndPostProcessTestInstance(ClassBasedTestDescriptor.java:269) ~[junit-jupiter-engine-5.7.0.jar:5.7.0]
	at org.junit.jupiter.engine.descriptor.ClassBasedTestDescriptor.lambda$testInstancesProvider$2(ClassBasedTestDescriptor.java:259) ~[junit-jupiter-engine-5.7.0.jar:5.7.0]
	at java.base/java.util.Optional.orElseGet(Optional.java:369) ~[na:na]
	at org.junit.jupiter.engine.descriptor.ClassBasedTestDescriptor.lambda$testInstancesProvider$3(ClassBasedTestDescriptor.java:258) ~[junit-jupiter-engine-5.7.0.jar:5.7.0]
	at org.junit.jupiter.engine.execution.TestInstancesProvider.getTestInstances(TestInstancesProvider.java:31) ~[junit-jupiter-engine-5.7.0.jar:5.7.0]
	at org.junit.jupiter.engine.descriptor.TestMethodTestDescriptor.lambda$prepare$0(TestMethodTestDescriptor.java:101) ~[junit-jupiter-engine-5.7.0.jar:5.7.0]
	at org.junit.platform.engine.support.hierarchical.ThrowableCollector.execute(ThrowableCollector.java:73) ~[junit-platform-engine-1.7.0.jar:1.7.0]
	at org.junit.jupiter.engine.descriptor.TestMethodTestDescriptor.prepare(TestMethodTestDescriptor.java:100) ~[junit-jupiter-engine-5.7.0.jar:5.7.0]
	at org.junit.jupiter.engine.descriptor.TestMethodTestDescriptor.prepare(TestMethodTestDescriptor.java:65) ~[junit-jupiter-engine-5.7.0.jar:5.7.0]
	at org.junit.platform.engine.support.hierarchical.NodeTestTask.lambda$prepare$1(NodeTestTask.java:111) ~[junit-platform-engine-1.7.0.jar:1.7.0]
	at org.junit.platform.engine.support.hierarchical.ThrowableCollector.execute(ThrowableCollector.java:73) ~[junit-platform-engine-1.7.0.jar:1.7.0]
	at org.junit.platform.engine.support.hierarchical.NodeTestTask.prepare(NodeTestTask.java:111) ~[junit-platform-engine-1.7.0.jar:1.7.0]
	at org.junit.platform.engine.support.hierarchical.NodeTestTask.execute(NodeTestTask.java:79) ~[junit-platform-engine-1.7.0.jar:1.7.0]
	at java.base/java.util.ArrayList.forEach(ArrayList.java:1540) ~[na:na]
	at org.junit.platform.engine.support.hierarchical.SameThreadHierarchicalTestExecutorService.invokeAll(SameThreadHierarchicalTestExecutorService.java:38) ~[junit-platform-engine-1.7.0.jar:1.7.0]
	at org.junit.platform.engine.support.hierarchical.NodeTestTask.lambda$executeRecursively$5(NodeTestTask.java:143) ~[junit-platform-engine-1.7.0.jar:1.7.0]
	at org.junit.platform.engine.support.hierarchical.ThrowableCollector.execute(ThrowableCollector.java:73) ~[junit-platform-engine-1.7.0.jar:1.7.0]
	at org.junit.platform.engine.support.hierarchical.NodeTestTask.lambda$executeRecursively$7(NodeTestTask.java:129) ~[junit-platform-engine-1.7.0.jar:1.7.0]
	at org.junit.platform.engine.support.hierarchical.Node.around(Node.java:137) ~[junit-platform-engine-1.7.0.jar:1.7.0]
	at org.junit.platform.engine.support.hierarchical.NodeTestTask.lambda$executeRecursively$8(NodeTestTask.java:127) ~[junit-platform-engine-1.7.0.jar:1.7.0]
	at org.junit.platform.engine.support.hierarchical.ThrowableCollector.execute(ThrowableCollector.java:73) ~[junit-platform-engine-1.7.0.jar:1.7.0]
	at org.junit.platform.engine.support.hierarchical.NodeTestTask.executeRecursively(NodeTestTask.java:126) ~[junit-platform-engine-1.7.0.jar:1.7.0]
	at org.junit.platform.engine.support.hierarchical.NodeTestTask.execute(NodeTestTask.java:84) ~[junit-platform-engine-1.7.0.jar:1.7.0]
	at java.base/java.util.ArrayList.forEach(ArrayList.java:1540) ~[na:na]
	at org.junit.platform.engine.support.hierarchical.SameThreadHierarchicalTestExecutorService.invokeAll(SameThreadHierarchicalTestExecutorService.java:38) ~[junit-platform-engine-1.7.0.jar:1.7.0]
	at org.junit.platform.engine.support.hierarchical.NodeTestTask.lambda$executeRecursively$5(NodeTestTask.java:143) ~[junit-platform-engine-1.7.0.jar:1.7.0]
	at org.junit.platform.engine.support.hierarchical.ThrowableCollector.execute(ThrowableCollector.java:73) ~[junit-platform-engine-1.7.0.jar:1.7.0]
	at org.junit.platform.engine.support.hierarchical.NodeTestTask.lambda$executeRecursively$7(NodeTestTask.java:129) ~[junit-platform-engine-1.7.0.jar:1.7.0]
	at org.junit.platform.engine.support.hierarchical.Node.around(Node.java:137) ~[junit-platform-engine-1.7.0.jar:1.7.0]
	at org.junit.platform.engine.support.hierarchical.NodeTestTask.lambda$executeRecursively$8(NodeTestTask.java:127) ~[junit-platform-engine-1.7.0.jar:1.7.0]
	at org.junit.platform.engine.support.hierarchical.ThrowableCollector.execute(ThrowableCollector.java:73) ~[junit-platform-engine-1.7.0.jar:1.7.0]
	at org.junit.platform.engine.support.hierarchical.NodeTestTask.executeRecursively(NodeTestTask.java:126) ~[junit-platform-engine-1.7.0.jar:1.7.0]
	at org.junit.platform.engine.support.hierarchical.NodeTestTask.execute(NodeTestTask.java:84) ~[junit-platform-engine-1.7.0.jar:1.7.0]
	at org.junit.platform.engine.support.hierarchical.SameThreadHierarchicalTestExecutorService.submit(SameThreadHierarchicalTestExecutorService.java:32) ~[junit-platform-engine-1.7.0.jar:1.7.0]
	at org.junit.platform.engine.support.hierarchical.HierarchicalTestExecutor.execute(HierarchicalTestExecutor.java:57) ~[junit-platform-engine-1.7.0.jar:1.7.0]
	at org.junit.platform.engine.support.hierarchical.HierarchicalTestEngine.execute(HierarchicalTestEngine.java:51) ~[junit-platform-engine-1.7.0.jar:1.7.0]
	at org.junit.platform.launcher.core.DefaultLauncher.execute(DefaultLauncher.java:220) ~[junit-platform-launcher-1.3.1.jar:1.3.1]
	at org.junit.platform.launcher.core.DefaultLauncher.lambda$execute$6(DefaultLauncher.java:188) ~[junit-platform-launcher-1.3.1.jar:1.3.1]
	at org.junit.platform.launcher.core.DefaultLauncher.withInterceptedStreams(DefaultLauncher.java:202) ~[junit-platform-launcher-1.3.1.jar:1.3.1]
	at org.junit.platform.launcher.core.DefaultLauncher.execute(DefaultLauncher.java:181) ~[junit-platform-launcher-1.3.1.jar:1.3.1]
	at org.junit.platform.launcher.core.DefaultLauncher.execute(DefaultLauncher.java:128) ~[junit-platform-launcher-1.3.1.jar:1.3.1]
	at org.apache.maven.surefire.junitplatform.JUnitPlatformProvider.invokeAllTests(JUnitPlatformProvider.java:150) ~[surefire-junit-platform-2.22.2.jar:2.22.2]
	at org.apache.maven.surefire.junitplatform.JUnitPlatformProvider.invoke(JUnitPlatformProvider.java:124) ~[surefire-junit-platform-2.22.2.jar:2.22.2]
	at org.apache.maven.surefire.booter.ForkedBooter.invokeProviderInSameClassLoader(ForkedBooter.java:384) ~[surefire-booter-2.22.2.jar:2.22.2]
	at org.apache.maven.surefire.booter.ForkedBooter.runSuitesInProcess(ForkedBooter.java:345) ~[surefire-booter-2.22.2.jar:2.22.2]
	at org.apache.maven.surefire.booter.ForkedBooter.execute(ForkedBooter.java:126) ~[surefire-booter-2.22.2.jar:2.22.2]
	at org.apache.maven.surefire.booter.ForkedBooter.main(ForkedBooter.java:418) ~[surefire-booter-2.22.2.jar:2.22.2]
Caused by: org.springframework.beans.factory.UnsatisfiedDependencyException: Error creating bean with name 'todosEntityManagerFactory' defined in class path resource [com/vitech/pensionCalc/config/JpaConfiguration.class]: Unsatisfied dependency expressed through method 'todosEntityManagerFactory' parameter 0; nested exception is org.springframework.beans.factory.BeanCreationException: Error creating bean with name 'getDataSource' defined in class path resource [com/vitech/pensionCalc/config/AlloyDBConfiguration.class]: Bean instantiation via factory method failed; nested exception is org.springframework.beans.BeanInstantiationException: Failed to instantiate [com.zaxxer.hikari.HikariDataSource]: Factory method 'getDataSource' threw exception; nested exception is com.zaxxer.hikari.pool.HikariPool$PoolInitializationException: Failed to initialize pool: Something unusual has occurred to cause the driver to fail. Please report this exception.
	at org.springframework.beans.factory.support.ConstructorResolver.createArgumentArray(ConstructorResolver.java:800) ~[spring-beans-5.3.2.jar:5.3.2]
	at org.springframework.beans.factory.support.ConstructorResolver.instantiateUsingFactoryMethod(ConstructorResolver.java:541) ~[spring-beans-5.3.2.jar:5.3.2]
	at org.springframework.beans.factory.support.AbstractAutowireCapableBeanFactory.instantiateUsingFactoryMethod(AbstractAutowireCapableBeanFactory.java:1336) ~[spring-beans-5.3.2.jar:5.3.2]
	at org.springframework.beans.factory.support.AbstractAutowireCapableBeanFactory.createBeanInstance(AbstractAutowireCapableBeanFactory.java:1179) ~[spring-beans-5.3.2.jar:5.3.2]
	at org.springframework.beans.factory.support.AbstractAutowireCapableBeanFactory.doCreateBean(AbstractAutowireCapableBeanFactory.java:571) ~[spring-beans-5.3.2.jar:5.3.2]
	at org.springframework.beans.factory.support.AbstractAutowireCapableBeanFactory.createBean(AbstractAutowireCapableBeanFactory.java:531) ~[spring-beans-5.3.2.jar:5.3.2]
	at org.springframework.beans.factory.support.AbstractBeanFactory.lambda$doGetBean$0(AbstractBeanFactory.java:335) ~[spring-beans-5.3.2.jar:5.3.2]
	at org.springframework.beans.factory.support.DefaultSingletonBeanRegistry.getSingleton(DefaultSingletonBeanRegistry.java:234) ~[spring-beans-5.3.2.jar:5.3.2]
	at org.springframework.beans.factory.support.AbstractBeanFactory.doGetBean(AbstractBeanFactory.java:333) ~[spring-beans-5.3.2.jar:5.3.2]
	at org.springframework.beans.factory.support.AbstractBeanFactory.getBean(AbstractBeanFactory.java:208) ~[spring-beans-5.3.2.jar:5.3.2]
	at org.springframework.context.support.AbstractApplicationContext.getBean(AbstractApplicationContext.java:1159) ~[spring-context-5.3.2.jar:5.3.2]
	at org.springframework.context.support.AbstractApplicationContext.finishBeanFactoryInitialization(AbstractApplicationContext.java:913) ~[spring-context-5.3.2.jar:5.3.2]
	at org.springframework.context.support.AbstractApplicationContext.refresh(AbstractApplicationContext.java:588) ~[spring-context-5.3.2.jar:5.3.2]
	at org.springframework.boot.SpringApplication.refresh(SpringApplication.java:767) ~[spring-boot-2.4.1.jar:2.4.1]
	at org.springframework.boot.SpringApplication.refresh(SpringApplication.java:759) ~[spring-boot-2.4.1.jar:2.4.1]
	at org.springframework.boot.SpringApplication.refreshContext(SpringApplication.java:426) ~[spring-boot-2.4.1.jar:2.4.1]
	at org.springframework.boot.SpringApplication.run(SpringApplication.java:326) ~[spring-boot-2.4.1.jar:2.4.1]
	at org.springframework.boot.test.context.SpringBootContextLoader.loadContext(SpringBootContextLoader.java:122) ~[spring-boot-test-2.4.1.jar:2.4.1]
	at org.springframework.test.context.cache.DefaultCacheAwareContextLoaderDelegate.loadContextInternal(DefaultCacheAwareContextLoaderDelegate.java:99) ~[spring-test-5.3.2.jar:5.3.2]
	at org.springframework.test.context.cache.DefaultCacheAwareContextLoaderDelegate.loadContext(DefaultCacheAwareContextLoaderDelegate.java:124) ~[spring-test-5.3.2.jar:5.3.2]
	... 67 common frames omitted
Caused by: org.springframework.beans.factory.BeanCreationException: Error creating bean with name 'getDataSource' defined in class path resource [com/vitech/pensionCalc/config/AlloyDBConfiguration.class]: Bean instantiation via factory method failed; nested exception is org.springframework.beans.BeanInstantiationException: Failed to instantiate [com.zaxxer.hikari.HikariDataSource]: Factory method 'getDataSource' threw exception; nested exception is com.zaxxer.hikari.pool.HikariPool$PoolInitializationException: Failed to initialize pool: Something unusual has occurred to cause the driver to fail. Please report this exception.
	at org.springframework.beans.factory.support.ConstructorResolver.instantiate(ConstructorResolver.java:658) ~[spring-beans-5.3.2.jar:5.3.2]
	at org.springframework.beans.factory.support.ConstructorResolver.instantiateUsingFactoryMethod(ConstructorResolver.java:486) ~[spring-beans-5.3.2.jar:5.3.2]
	at org.springframework.beans.factory.support.AbstractAutowireCapableBeanFactory.instantiateUsingFactoryMethod(AbstractAutowireCapableBeanFactory.java:1336) ~[spring-beans-5.3.2.jar:5.3.2]
	at org.springframework.beans.factory.support.AbstractAutowireCapableBeanFactory.createBeanInstance(AbstractAutowireCapableBeanFactory.java:1179) ~[spring-beans-5.3.2.jar:5.3.2]
	at org.springframework.beans.factory.support.AbstractAutowireCapableBeanFactory.doCreateBean(AbstractAutowireCapableBeanFactory.java:571) ~[spring-beans-5.3.2.jar:5.3.2]
	at org.springframework.beans.factory.support.AbstractAutowireCapableBeanFactory.createBean(AbstractAutowireCapableBeanFactory.java:531) ~[spring-beans-5.3.2.jar:5.3.2]
	at org.springframework.beans.factory.support.AbstractBeanFactory.lambda$doGetBean$0(AbstractBeanFactory.java:335) ~[spring-beans-5.3.2.jar:5.3.2]
	at org.springframework.beans.factory.support.DefaultSingletonBeanRegistry.getSingleton(DefaultSingletonBeanRegistry.java:234) ~[spring-beans-5.3.2.jar:5.3.2]
	at org.springframework.beans.factory.support.AbstractBeanFactory.doGetBean(AbstractBeanFactory.java:333) ~[spring-beans-5.3.2.jar:5.3.2]
	at org.springframework.beans.factory.support.AbstractBeanFactory.getBean(AbstractBeanFactory.java:208) ~[spring-beans-5.3.2.jar:5.3.2]
	at org.springframework.beans.factory.config.DependencyDescriptor.resolveCandidate(DependencyDescriptor.java:276) ~[spring-beans-5.3.2.jar:5.3.2]
	at org.springframework.beans.factory.support.DefaultListableBeanFactory.doResolveDependency(DefaultListableBeanFactory.java:1367) ~[spring-beans-5.3.2.jar:5.3.2]
	at org.springframework.beans.factory.support.DefaultListableBeanFactory.resolveDependency(DefaultListableBeanFactory.java:1287) ~[spring-beans-5.3.2.jar:5.3.2]
	at org.springframework.beans.factory.support.ConstructorResolver.resolveAutowiredArgument(ConstructorResolver.java:887) ~[spring-beans-5.3.2.jar:5.3.2]
	at org.springframework.beans.factory.support.ConstructorResolver.createArgumentArray(ConstructorResolver.java:791) ~[spring-beans-5.3.2.jar:5.3.2]
	... 86 common frames omitted
Caused by: org.springframework.beans.BeanInstantiationException: Failed to instantiate [com.zaxxer.hikari.HikariDataSource]: Factory method 'getDataSource' threw exception; nested exception is com.zaxxer.hikari.pool.HikariPool$PoolInitializationException: Failed to initialize pool: Something unusual has occurred to cause the driver to fail. Please report this exception.
	at org.springframework.beans.factory.support.SimpleInstantiationStrategy.instantiate(SimpleInstantiationStrategy.java:185) ~[spring-beans-5.3.2.jar:5.3.2]
	at org.springframework.beans.factory.support.ConstructorResolver.instantiate(ConstructorResolver.java:653) ~[spring-beans-5.3.2.jar:5.3.2]
	... 100 common frames omitted
Caused by: com.zaxxer.hikari.pool.HikariPool$PoolInitializationException: Failed to initialize pool: Something unusual has occurred to cause the driver to fail. Please report this exception.
	at com.zaxxer.hikari.pool.HikariPool.throwPoolInitializationException(HikariPool.java:584) ~[HikariCP-5.0.2-SNAPSHOT.jar:na]
	at com.zaxxer.hikari.pool.HikariPool.checkFailFast(HikariPool.java:571) ~[HikariCP-5.0.2-SNAPSHOT.jar:na]
	at com.zaxxer.hikari.pool.HikariPool.<init>(HikariPool.java:98) ~[HikariCP-5.0.2-SNAPSHOT.jar:na]
	at com.zaxxer.hikari.HikariDataSource.<init>(HikariDataSource.java:80) ~[HikariCP-5.0.2-SNAPSHOT.jar:na]
	at com.vitech.pensionCalc.config.AlloyDBConfiguration.getDataSource(AlloyDBConfiguration.java:40) ~[classes/:na]
	at java.base/jdk.internal.reflect.NativeMethodAccessorImpl.invoke0(Native Method) ~[na:na]
	at java.base/jdk.internal.reflect.NativeMethodAccessorImpl.invoke(NativeMethodAccessorImpl.java:62) ~[na:na]
	at java.base/jdk.internal.reflect.DelegatingMethodAccessorImpl.invoke(DelegatingMethodAccessorImpl.java:43) ~[na:na]
	at java.base/java.lang.reflect.Method.invoke(Method.java:566) ~[na:na]
	at org.springframework.beans.factory.support.SimpleInstantiationStrategy.instantiate(SimpleInstantiationStrategy.java:154) ~[spring-beans-5.3.2.jar:5.3.2]
	... 101 common frames omitted
Caused by: org.postgresql.util.PSQLException: Something unusual has occurred to cause the driver to fail. Please report this exception.
	at org.postgresql.Driver.connect(Driver.java:285) ~[postgresql-42.2.18.jar:42.2.18]
	at com.zaxxer.hikari.util.DriverDataSource.getConnection(DriverDataSource.java:137) ~[HikariCP-5.0.2-SNAPSHOT.jar:na]
	at com.zaxxer.hikari.pool.PoolBase.newConnection(PoolBase.java:360) ~[HikariCP-5.0.2-SNAPSHOT.jar:na]
	at com.zaxxer.hikari.pool.PoolBase.newPoolEntry(PoolBase.java:202) ~[HikariCP-5.0.2-SNAPSHOT.jar:na]
	at com.zaxxer.hikari.pool.HikariPool.createPoolEntry(HikariPool.java:461) ~[HikariCP-5.0.2-SNAPSHOT.jar:na]
	at com.zaxxer.hikari.pool.HikariPool.checkFailFast(HikariPool.java:550) ~[HikariCP-5.0.2-SNAPSHOT.jar:na]
	... 109 common frames omitted
Caused by: java.lang.RuntimeException: java.util.concurrent.ExecutionException: java.util.concurrent.ExecutionException: com.google.api.gax.rpc.UnavailableException: io.grpc.StatusRuntimeException: UNAVAILABLE: Credentials failed to obtain metadata
	at com.google.cloud.alloydb.DefaultConnectionInfoCache.getConnectionInfo(DefaultConnectionInfoCache.java:92) ~[alloydb-jdbc-connector-0.1.2-SNAPSHOT.jar:0.1.2-SNAPSHOT]
	at com.google.cloud.alloydb.Connector.connect(Connector.java:155) ~[alloydb-jdbc-connector-0.1.2-SNAPSHOT.jar:0.1.2-SNAPSHOT]
	at com.google.cloud.alloydb.SocketFactory.createSocket(SocketFactory.java:39) ~[alloydb-jdbc-connector-0.1.2-SNAPSHOT.jar:0.1.2-SNAPSHOT]
	at org.postgresql.core.PGStream.createSocket(PGStream.java:223) ~[postgresql-42.2.18.jar:42.2.18]
	at org.postgresql.core.PGStream.<init>(PGStream.java:95) ~[postgresql-42.2.18.jar:42.2.18]
	at org.postgresql.core.v3.ConnectionFactoryImpl.tryConnect(ConnectionFactoryImpl.java:98) ~[postgresql-42.2.18.jar:42.2.18]
	at org.postgresql.core.v3.ConnectionFactoryImpl.openConnectionImpl(ConnectionFactoryImpl.java:213) ~[postgresql-42.2.18.jar:42.2.18]
	at org.postgresql.core.ConnectionFactory.openConnection(ConnectionFactory.java:51) ~[postgresql-42.2.18.jar:42.2.18]
	at org.postgresql.jdbc.PgConnection.<init>(PgConnection.java:225) ~[postgresql-42.2.18.jar:42.2.18]
	at org.postgresql.Driver.makeConnection(Driver.java:465) ~[postgresql-42.2.18.jar:42.2.18]
	at org.postgresql.Driver.connect(Driver.java:264) ~[postgresql-42.2.18.jar:42.2.18]
	... 114 common frames omitted
Caused by: java.util.concurrent.ExecutionException: java.util.concurrent.ExecutionException: com.google.api.gax.rpc.UnavailableException: io.grpc.StatusRuntimeException: UNAVAILABLE: Credentials failed to obtain metadata
	at java.base/java.util.concurrent.FutureTask.report(FutureTask.java:122) ~[na:na]
	at java.base/java.util.concurrent.FutureTask.get(FutureTask.java:191) ~[na:na]
	at com.google.common.util.concurrent.Uninterruptibles.getUninterruptibly(Uninterruptibles.java:247) ~[guava-32.1.2-jre.jar:na]
	at com.google.cloud.alloydb.DefaultConnectionInfoCache.getConnectionInfo(DefaultConnectionInfoCache.java:90) ~[alloydb-jdbc-connector-0.1.2-SNAPSHOT.jar:0.1.2-SNAPSHOT]
	... 124 common frames omitted
Caused by: java.util.concurrent.ExecutionException: com.google.api.gax.rpc.UnavailableException: io.grpc.StatusRuntimeException: UNAVAILABLE: Credentials failed to obtain metadata
	at java.base/java.util.concurrent.FutureTask.report(FutureTask.java:122) ~[na:na]
	at java.base/java.util.concurrent.FutureTask.get(FutureTask.java:191) ~[na:na]
	at com.google.cloud.alloydb.DefaultConnectionInfoRepository.getConnectionInfo(DefaultConnectionInfoRepository.java:69) ~[alloydb-jdbc-connector-0.1.2-SNAPSHOT.jar:0.1.2-SNAPSHOT]
	at com.google.cloud.alloydb.DefaultConnectionInfoCache.performRefresh(DefaultConnectionInfoCache.java:113) ~[alloydb-jdbc-connector-0.1.2-SNAPSHOT.jar:0.1.2-SNAPSHOT]
	at java.base/java.util.concurrent.FutureTask.run(FutureTask.java:264) ~[na:na]
	at java.base/java.util.concurrent.ScheduledThreadPoolExecutor$ScheduledFutureTask.run(ScheduledThreadPoolExecutor.java:304) ~[na:na]
	at java.base/java.util.concurrent.ThreadPoolExecutor.runWorker(ThreadPoolExecutor.java:1128) ~[na:na]
	at java.base/java.util.concurrent.ThreadPoolExecutor$Worker.run(ThreadPoolExecutor.java:628) ~[na:na]
	at java.base/java.lang.Thread.run(Thread.java:834) ~[na:na]
Caused by: com.google.api.gax.rpc.UnavailableException: io.grpc.StatusRuntimeException: UNAVAILABLE: Credentials failed to obtain metadata
	at com.google.api.gax.rpc.ApiExceptionFactory.createException(ApiExceptionFactory.java:112) ~[gax-2.33.0.jar:2.33.0]
	at com.google.api.gax.rpc.ApiExceptionFactory.createException(ApiExceptionFactory.java:41) ~[gax-2.33.0.jar:2.33.0]
	at com.google.api.gax.grpc.GrpcApiExceptionFactory.create(GrpcApiExceptionFactory.java:86) ~[gax-grpc-2.33.0.jar:2.33.0]
	at com.google.api.gax.grpc.GrpcApiExceptionFactory.create(GrpcApiExceptionFactory.java:66) ~[gax-grpc-2.33.0.jar:2.33.0]
	at com.google.api.gax.grpc.GrpcExceptionCallable$ExceptionTransformingFuture.onFailure(GrpcExceptionCallable.java:97) ~[gax-grpc-2.33.0.jar:2.33.0]
	at com.google.api.core.ApiFutures$1.onFailure(ApiFutures.java:84) ~[api-common-2.16.0.jar:2.16.0]
	at com.google.common.util.concurrent.Futures$CallbackListener.run(Futures.java:1127) ~[guava-32.1.2-jre.jar:na]
	at com.google.common.util.concurrent.DirectExecutor.execute(DirectExecutor.java:31) ~[guava-32.1.2-jre.jar:na]
	at com.google.common.util.concurrent.AbstractFuture.executeListener(AbstractFuture.java:1286) ~[guava-32.1.2-jre.jar:na]
	at com.google.common.util.concurrent.AbstractFuture.complete(AbstractFuture.java:1055) ~[guava-32.1.2-jre.jar:na]
	at com.google.common.util.concurrent.AbstractFuture.setException(AbstractFuture.java:807) ~[guava-32.1.2-jre.jar:na]
	at io.grpc.stub.ClientCalls$GrpcFuture.setException(ClientCalls.java:578) ~[grpc-stub-1.56.1.jar:1.56.1]
	at io.grpc.stub.ClientCalls$UnaryStreamToFuture.onClose(ClientCalls.java:548) ~[grpc-stub-1.56.1.jar:1.56.1]
	at io.grpc.PartialForwardingClientCallListener.onClose(PartialForwardingClientCallListener.java:39) ~[grpc-api-1.56.1.jar:1.56.1]
	at io.grpc.ForwardingClientCallListener.onClose(ForwardingClientCallListener.java:23) ~[grpc-api-1.56.1.jar:1.56.1]
	at io.grpc.ForwardingClientCallListener$SimpleForwardingClientCallListener.onClose(ForwardingClientCallListener.java:40) ~[grpc-api-1.56.1.jar:1.56.1]
	at com.google.api.gax.grpc.ChannelPool$ReleasingClientCall$1.onClose(ChannelPool.java:541) ~[gax-grpc-2.33.0.jar:2.33.0]
	at io.grpc.internal.ClientCallImpl.closeObserver(ClientCallImpl.java:567) ~[grpc-core-1.56.1.jar:1.56.1]
	at io.grpc.internal.ClientCallImpl.access$300(ClientCallImpl.java:71) ~[grpc-core-1.56.1.jar:1.56.1]
	at io.grpc.internal.ClientCallImpl$ClientStreamListenerImpl$1StreamClosed.runInternal(ClientCallImpl.java:735) ~[grpc-core-1.56.1.jar:1.56.1]
	at io.grpc.internal.ClientCallImpl$ClientStreamListenerImpl$1StreamClosed.runInContext(ClientCallImpl.java:716) ~[grpc-core-1.56.1.jar:1.56.1]
	at io.grpc.internal.ContextRunnable.run(ContextRunnable.java:37) ~[grpc-core-1.56.1.jar:1.56.1]
	at io.grpc.internal.SerializingExecutor.run(SerializingExecutor.java:133) ~[grpc-core-1.56.1.jar:1.56.1]
	... 3 common frames omitted
	Suppressed: com.google.api.gax.rpc.AsyncTaskException: Asynchronous task failed
		at com.google.api.gax.rpc.ApiExceptions.callAndTranslateApiException(ApiExceptions.java:57) ~[gax-2.33.0.jar:2.33.0]
		at com.google.api.gax.rpc.UnaryCallable.call(UnaryCallable.java:112) ~[gax-2.33.0.jar:2.33.0]
		at com.google.cloud.alloydb.v1beta.AlloyDBAdminClient.getConnectionInfo(AlloyDBAdminClient.java:4013) ~[google-cloud-alloydb-0.13.0.jar:0.13.0]
		at com.google.cloud.alloydb.v1beta.AlloyDBAdminClient.getConnectionInfo(AlloyDBAdminClient.java:3954) ~[google-cloud-alloydb-0.13.0.jar:0.13.0]
		at com.google.cloud.alloydb.DefaultConnectionInfoRepository.getConnectionInfo(DefaultConnectionInfoRepository.java:88) ~[alloydb-jdbc-connector-0.1.2-SNAPSHOT.jar:0.1.2-SNAPSHOT]
		at com.google.cloud.alloydb.DefaultConnectionInfoRepository.lambda$getConnectionInfo$0(DefaultConnectionInfoRepository.java:65) ~[alloydb-jdbc-connector-0.1.2-SNAPSHOT.jar:0.1.2-SNAPSHOT]
		at java.base/java.util.concurrent.FutureTask.run(FutureTask.java:264) ~[na:na]
		at java.base/java.util.concurrent.ScheduledThreadPoolExecutor$ScheduledFutureTask.run(ScheduledThreadPoolExecutor.java:304) ~[na:na]
		... 3 common frames omitted
Caused by: io.grpc.StatusRuntimeException: UNAVAILABLE: Credentials failed to obtain metadata
	at io.grpc.Status.asRuntimeException(Status.java:539) ~[grpc-api-1.56.1.jar:1.56.1]
	... 14 common frames omitted
Caused by: java.io.IOException: Error requesting access token
	at com.google.auth.oauth2.ImpersonatedCredentials.refreshAccessToken(ImpersonatedCredentials.java:512) ~[google-auth-library-oauth2-http-1.19.0.jar:na]
	at com.google.auth.oauth2.OAuth2Credentials$1.call(OAuth2Credentials.java:269) ~[google-auth-library-oauth2-http-1.19.0.jar:na]
	at com.google.auth.oauth2.OAuth2Credentials$1.call(OAuth2Credentials.java:266) ~[google-auth-library-oauth2-http-1.19.0.jar:na]
	at java.base/java.util.concurrent.FutureTask.run(FutureTask.java:264) ~[na:na]
	at com.google.auth.oauth2.OAuth2Credentials$RefreshTask.run(OAuth2Credentials.java:633) ~[google-auth-library-oauth2-http-1.19.0.jar:na]
	... 3 common frames omitted
Caused by: com.google.api.client.http.HttpResponseException: 404 Not Found
POST https://iamcredentials.googleapis.com/v1/projects/-/serviceAccounts/kamalanaabharao@gmail.com:generateAccessToken
{
  "error": {
    "code": 404,
    "message": "Not found; Gaia id not found for email kamalanaabharao@gmail.com",
    "errors": [
      {
        "message": "Not found; Gaia id not found for email kamalanaabharao@gmail.com",
        "domain": "global",
        "reason": "notFound"
      }
    ],
    "status": "NOT_FOUND"
  }
}

	at com.google.api.client.http.HttpResponseException$Builder.build(HttpResponseException.java:293) ~[google-http-client-1.43.3.jar:1.43.3]
	at com.google.api.client.http.HttpRequest.execute(HttpRequest.java:1118) ~[google-http-client-1.43.3.jar:1.43.3]
	at com.google.auth.oauth2.ImpersonatedCredentials.refreshAccessToken(ImpersonatedCredentials.java:510) ~[google-auth-library-oauth2-http-1.19.0.jar:na]
	... 7 common frames omitted

]]></system-out>
    <system-err><![CDATA[SLF4J: Class path contains multiple SLF4J bindings.
SLF4J: Found binding in [jar:file:/D:/Users/kgurram/.m2/repository/ch/qos/logback/logback-classic/1.2.3/logback-classic-1.2.3.jar!/org/slf4j/impl/StaticLoggerBinder.class]
SLF4J: Found binding in [jar:file:/D:/Users/kgurram/.m2/repository/org/slf4j/slf4j-jdk14/1.7.30/slf4j-jdk14-1.7.30.jar!/org/slf4j/impl/StaticLoggerBinder.class]
SLF4J: See http://www.slf4j.org/codes.html#multiple_bindings for an explanation.
SLF4J: Actual binding is of type [ch.qos.logback.classic.util.ContextSelectorStaticBinder]
]]></system-err>
  </testcase>
</testsuite>